1635450768706:r
1635450773350:l
1635450778009:s
1635450780075:r
1635457269406:l
1635625155409:count
1635627938613:getbookbyid 1
1635627953361:getbookbyid 2
1635627957597:getbookbyid 3
1635628193621:getbookbyid 2
1635628207263:chngbyid 2 'Test name'
1635628222588:getbookbyid 2
1635628277125:getbookbyid 1\\
1635628397580:getall
1635628407577:count
1635628435761:chngbyid 2 'new Name'
1635628442314:getall
1635628459900:chngbyid 2 'War and Piece'
1635628464920:getall
1635628732345:delbook 2
1635628743648:getall
1635628897616:getbookbyid 2
1635630112743:count
1635630115922:getall
1635630140504:chngbyid 2 'sleep'
1635630148471:getall
1635700616831:count
1635700619759:getall
1635700923040:count
1635700925410:getall
1635701125490:getall\\
1635701192669:addbook 3 'Test Book' John Tolkien novel
1635701230626:stacktrace
1635701633054:getall
1635701638989:addbook 3 'Test Book' John Tolkien novel
1635701685009:getall
1635701716466:addbook 3 'test book' john tOlkien NoVeL
1635701727382:count
1635701729523:getall
1635702730901:getbookbyid 3
1635702758177:stacktrace
1635702957728:getall
1635702970057:getbookbyid 3
1636141413833:stacktrace
1636141479522:getbookbyid 3
1636141976470:getbookbyid2
1636141986225:getbookbyid 2
1636141999998:getbookbyid 3
1636142269827:getbookbyid 2
1636142273438:getbookbyid 1
1636142276307:getbookbyid 0
1636142297457:getbookbyid 3
1636142408982:getbookbyid 2
1636142413683:getbookbyid 3
1636143095979:getbookbyid 2
1636143099933:getbookbyid 3
1636143762304:getbookbyid 2
1636143769224:getbookbyid 3
1636144944420:getbookbyid 2
1636144948740:getbookbyid 3
1636397902264:getbookbyid 2
1636397907302:getbookbyid 3
1636397954337:getbookbyid 2
1636397958062:getbookbyid 3
1636398125328:addbook 3 ronald wisley roman
1636398273962:stacktrace
1636398322803:addbook 3 ronald wisley roman drama
1636398398142:getall
1636398417534:addbook 2 "TEST" Ron Wisley novel
1636398462991:addbook 2 "TEST" john tolkien daram
1636398479371:addbook 2 "TEST" john tolkien novel
1636399481574:chngbyid 1 test
1636399484983:getall
1636399494124:chngbyid 3 test
1636401492358:getall
1636401504570:chngbyid 1 "TEST"
1636401521770:getall
1636401530980:chngbyid 3 "TEST"
1636401978765:getall
1636401999183:delbook 3
1636402005345:delbook 2
1636402013132:delbook 1
1636402019157:getall
1636402306979:addbook 1 "TEST" leo tolstoy novel
1636402349151:addbook 3 "EST" len tolstoy novel
1636402367571:addbook 3 "TEST" leo tolstiy novel
1636402380413:addbook 3 "TEST" leo tolstoy frama
1636402387606:addbook 3 "TEST" leo tolstoy novel
1636402391579:getall
1636403390858:count
1636403424055:delbook 3
1636403454643:addbook 1 "test:" leo rap drama
1636403493009:addbook 1 ""est leo tolstoy drama
1636403521125:addbook 1 "t"est leo tolstoy novel
1636403564454:addbook 1 "test:" leo tolstoy novel
1636403816327:getall
1636404532304:delbook 3
1636404557299:getall
1636404560885:delbook 3
1636404579150:chngbyid 3 "test"
1636404597695:addbook 3 "test" leon tolstoy drama
1636492297413:getall
1636492338900:addbook 3 "Anna Karenina" Leo tolstiy drama
1636492358397:addbook 3 "Anna Karenina" Leo tolstoy drama
1636492366268:addbook 3 "Anna Karenina" Leo tolstoy novel
1636492474282:getall
