1635450768706:r
1635450773350:l
1635450778009:s
1635450780075:r
1635457269406:l
1635625155409:count
1635627938613:getbookbyid 1
1635627953361:getbookbyid 2
1635627957597:getbookbyid 3
1635628193621:getbookbyid 2
1635628207263:chngbyid 2 'Test name'
1635628222588:getbookbyid 2
1635628277125:getbookbyid 1\\
1635628397580:getall
1635628407577:count
1635628435761:chngbyid 2 'new Name'
1635628442314:getall
1635628459900:chngbyid 2 'War and Piece'
1635628464920:getall
1635628732345:delbook 2
1635628743648:getall
1635628897616:getbookbyid 2
1635630112743:count
1635630115922:getall
1635630140504:chngbyid 2 'sleep'
1635630148471:getall
1635700616831:count
1635700619759:getall
1635700923040:count
1635700925410:getall
1635701125490:getall\\
1635701192669:addbook 3 'Test Book' John Tolkien novel
1635701230626:stacktrace
1635701633054:getall
1635701638989:addbook 3 'Test Book' John Tolkien novel
1635701685009:getall
1635701716466:addbook 3 'test book' john tOlkien NoVeL
1635701727382:count
1635701729523:getall
1635702730901:getbookbyid 3
1635702758177:stacktrace
1635702957728:getall
1635702970057:getbookbyid 3
1636141413833:stacktrace
1636141479522:getbookbyid 3
1636141976470:getbookbyid2
1636141986225:getbookbyid 2
1636141999998:getbookbyid 3
1636142269827:getbookbyid 2
1636142273438:getbookbyid 1
1636142276307:getbookbyid 0
1636142297457:getbookbyid 3
1636142408982:getbookbyid 2
1636142413683:getbookbyid 3
1636143095979:getbookbyid 2
1636143099933:getbookbyid 3
1636143762304:getbookbyid 2
1636143769224:getbookbyid 3
1636144944420:getbookbyid 2
1636144948740:getbookbyid 3
1636397902264:getbookbyid 2
1636397907302:getbookbyid 3
1636397954337:getbookbyid 2
1636397958062:getbookbyid 3
1636398125328:addbook 3 ronald wisley roman
1636398273962:stacktrace
1636398322803:addbook 3 ronald wisley roman drama
1636398398142:getall
1636398417534:addbook 2 "TEST" Ron Wisley novel
1636398462991:addbook 2 "TEST" john tolkien daram
1636398479371:addbook 2 "TEST" john tolkien novel
1636399481574:chngbyid 1 test
1636399484983:getall
1636399494124:chngbyid 3 test
1636401492358:getall
1636401504570:chngbyid 1 "TEST"
1636401521770:getall
1636401530980:chngbyid 3 "TEST"
1636401978765:getall
1636401999183:delbook 3
1636402005345:delbook 2
1636402013132:delbook 1
1636402019157:getall
1636402306979:addbook 1 "TEST" leo tolstoy novel
1636402349151:addbook 3 "EST" len tolstoy novel
1636402367571:addbook 3 "TEST" leo tolstiy novel
1636402380413:addbook 3 "TEST" leo tolstoy frama
1636402387606:addbook 3 "TEST" leo tolstoy novel
1636402391579:getall
1636403390858:count
1636403424055:delbook 3
1636403454643:addbook 1 "test:" leo rap drama
1636403493009:addbook 1 ""est leo tolstoy drama
1636403521125:addbook 1 "t"est leo tolstoy novel
1636403564454:addbook 1 "test:" leo tolstoy novel
1636403816327:getall
1636404532304:delbook 3
1636404557299:getall
1636404560885:delbook 3
1636404579150:chngbyid 3 "test"
1636404597695:addbook 3 "test" leon tolstoy drama
1636492297413:getall
1636492338900:addbook 3 "Anna Karenina" Leo tolstiy drama
1636492358397:addbook 3 "Anna Karenina" Leo tolstoy drama
1636492366268:addbook 3 "Anna Karenina" Leo tolstoy novel
1636492474282:getall
1636988346849:chngbyid 3 test
1636988388651:chngbyid 2 "test"
1636988395530:getall
1636988449450:addbook 3 "test2" leo tolstov drama
1636988482235:addbook 3 "test2" leo tolstoy drama
1636988491439:addbook 3 "test2" leo tolstov novel
1636988502255:addbook 3 "test2" leo tolstoy novel
1636988507432:getall
1636988518336:addbook 3 "test2" leo tolstoy novel
1636988628876:getall
1636991307504:addbook test leo tolstov drama
1636991316708:addbook test leo tolstoy drama
1636991323282:addbook test leo tolstoy novel
1636991334177:stacktrace
1636991762188:getall
1636991772546:addbook test leo tolstoy novel
1636992347853:getall
1636992359106:addbook test leo tolstoy novel
1636992365205:getall
1636992372340:addbook test leo tolstoy novel
1636993142476:getall
1636993153612:addbook test leo tolstoy novel
1636993156427:getall
1636993160701:addbook test leo tolstoy novel
1636993166268:delbook 3
1636993169477:getall
1637088126157:addbook test leo tolstoy novel
1637088129459:getall
1637088152233:addbook test leo tolstov novel
1637088161163:addbook test leo tolstoy drama
1637088174825:addbook test leo tolstoy fantasy
1637088177253:getall
1638992881902:count
1638995072871:getall
1638997779601:addbook test leo tolstoy novel
1638998090108:getall
1638998102182:addbook test leo tolstoy novel
1638998217123:getall
1638998227044:addbook test leo tolstoy novel
1638998607523:getall
1638998618445:addbook test leo tolstoy novel
1638998713781:getall
1638998729940:addbook test leo tolstoy novel
1638999224829:getall
1638999234385:addbook test leo tolstoy novel
1638999261443:getall
1638999277975:addbook test leo tolstoy nove
1638999289603:addbook test leo tolstov novel
1639058132630:getall
1639058147158:addbook test leo tolstoy novel
1639058156419:addbook test leo tolstoy drama
1639058166098:addbook test leo tolstov novel
1639412245098:count
1639412254355:getall
1639412332807:count
1639413042440:stacktrace
1639413151694:count
1639413535902:getall
1639413703925:addbook test leo tolstoy drama
1639413723990:addbook test leo tolstov novel
1639413730855:addbook test leo tolstoy novel
1639414302834:count
1639414319016:addbook test leo tolstoy drama
1639414329453:addbook test leo tolstov novel
1639414334819:addbook test leo tolstoy novel
1639414351819:count
1639414354848:getall
1639425236795:пуефдд
1639425239817:getall
1639425267465:addbook testbook john talkien drama
1639425292404:addbook testbook john tolkien drama
1639425307638:addbook testbook john tolkien fantasy
1639425315982:getall
1639425321924:count
1639425366844:getall
1639425455170:chngbyid 3 newtestbook
1639425461093:getall
1639425472366:getbookbyid 1
1639425528947:getbookbyid 4
1639425543332:chngbyid 4 newname
1639425563796:getall
1639425571660:delbook 2
1639425576751:getall
1639425584877:delbook 1
1639425587478:delbook 2
1639425589784:delbook 3
1639425594446:count
1639425597198:getall
1639428917343:пуефдд
1639428919423:getall
1639428924048:commcount
1639428928581:commcount 1
1639428936247:commcount 2
1639428965687:commcount 1
1639429123326:getall
1639429127811:commcount 1
1639429133394:commcount 2
1639429136515:commcount 3
1639429335095:getall
1639429339608:commcount 1
1639429342998:commcount 3
1639429728162:getall
1639429735767:commcount 1
1639429753789:chngtextbyid 1 testcomm
1639429864630:chngtextbyid 4 test
1639430057016:getcommbyid 1
1639430084296:getcommbyid
1639430086224:getcommbyid 1
1639430242607:getbookcomms 1
1639430571944:getbookcomms 2
1639430574485:getbookcomms 3
1639431207098:comm count 2
1639431210007:commcount 2
1639431225123:getbookcomms 1
1639431234747:addcomm 1 commtext
1639431241370:getbookcomms 1
1639431266232:chngtextbyid 4 newcommtexthello
1639431277432:getbookcomms 1
1639431287032:delcomm 5
1639431296726:delcomm 4\\
1639431311091:getbookcomms 1
1639431321353:delcomm 1
1639431332611:getbookcomms 1
1639431346106:addcomm 1 newcommnice
1639431352922:getbookcomms 1
1639431360869:delcomm 2
1639431363509:delcomm 5
1639431373000:getbookcomms 1
1639499820348:getall
1639499830039:commcount
1639499834713:commcount 1
1639499987411:addcomm 1 testcomm
1639500036615:count
1639500041316:getall
1639500299973:count
1639500303289:commcount 1
1639500314577:getall
1639502328911:count
1639502333534:comm count 1
1639502336134:commcount 1
1639502351402:commcount 2
1639502368626:getall
1639502426476:addcomm 1 testcomm
1639502455328:commcount 1
1639502465387:getbookcomms 1
1639502487869:addbook testbook leo tolstoy fantasy
1639502502816:getall
1639502514528:commcount 3
1639502711522:getcommbyid 4
1639502802964:getbookcomms 1
1639502870515:chngtextbyid 4 newtextcomm
1639502920153:getbookbyid 4
1639502930423:getbookbyid 1
1639503041093:getall
1639503055839:getbookcomms 1
1639503073374:getcommbyid 3
1639504847342:getall
1639505126709:count
1639505130088:commcount 1
1639505990791:getbookbyid 1
1639507803927:getallcomms
1639508356866:getall
1639508368458:getbookcomms 1
1639508467687:getcommbyid 1
1639508583353:getall
1639516277224:пуефдд
1639516279352:getall
1639516290061:count
1639516347941:getbookcomms 2
