2022-02-21 00:00:05.628  INFO 11780 --- [http-nio-8080-exec-9] org.mongodb.driver.connection            : Closed connection [connectionId{localValue:3, serverValue:9}] to localhost:27017 because there was a socket exception raised on another connection from this pool.
2022-02-21 00:00:05.635  INFO 11780 --- [http-nio-8080-exec-9] org.mongodb.driver.connection            : Opened connection [connectionId{localValue:152, serverValue:3}] to localhost:27017
2022-02-21 00:29:35.156  INFO 11780 --- [SpringApplicationShutdownHook] org.mongodb.driver.connection            : Closed connection [connectionId{localValue:152, serverValue:3}] to localhost:27017 because the pool has been closed.
2022-02-21 15:02:25.930  INFO 11516 --- [main] ru.otus.spring.Application               : Starting Application using Java 16.0.2 on DESKTOP-V680D6E with PID 11516 (C:\JAVA\Homeworks\spring-30-homework\spring-30-homework\target\classes started by ctm99 in C:\JAVA\Homeworks\spring-30-homework\spring-30-homework)
2022-02-21 15:02:25.934  INFO 11516 --- [main] ru.otus.spring.Application               : No active profile set, falling back to default profiles: default
2022-02-21 15:02:27.174  INFO 11516 --- [main] .s.d.r.c.RepositoryConfigurationDelegate : Bootstrapping Spring Data MongoDB repositories in DEFAULT mode.
2022-02-21 15:02:27.260  INFO 11516 --- [main] .s.d.r.c.RepositoryConfigurationDelegate : Finished Spring Data repository scanning in 79 ms. Found 4 MongoDB repository interfaces.
2022-02-21 15:02:27.928  INFO 11516 --- [main] o.s.b.w.embedded.tomcat.TomcatWebServer  : Tomcat initialized with port(s): 8080 (http)
2022-02-21 15:02:27.943  INFO 11516 --- [main] o.apache.catalina.core.StandardService   : Starting service [Tomcat]
2022-02-21 15:02:27.943  INFO 11516 --- [main] org.apache.catalina.core.StandardEngine  : Starting Servlet engine: [Apache Tomcat/9.0.53]
2022-02-21 15:02:28.045  INFO 11516 --- [main] o.a.c.c.C.[Tomcat].[localhost].[/]       : Initializing Spring embedded WebApplicationContext
2022-02-21 15:02:28.046  INFO 11516 --- [main] w.s.c.ServletWebServerApplicationContext : Root WebApplicationContext: initialization completed in 2043 ms
2022-02-21 15:02:28.430  INFO 11516 --- [main] org.mongodb.driver.cluster               : Cluster created with settings {hosts=[localhost:27017], mode=SINGLE, requiredClusterType=UNKNOWN, serverSelectionTimeout='30000 ms'}
2022-02-21 15:02:28.491  INFO 11516 --- [cluster-ClusterId{value='62137f540bc6ca268a41085a', description='null'}-localhost:27017] org.mongodb.driver.cluster               : Exception in monitor thread while connecting to server localhost:27017

com.mongodb.MongoSocketOpenException: Exception opening socket
	at com.mongodb.internal.connection.SocketStream.open(SocketStream.java:70) ~[mongodb-driver-core-4.2.3.jar:na]
	at com.mongodb.internal.connection.InternalStreamConnection.open(InternalStreamConnection.java:143) ~[mongodb-driver-core-4.2.3.jar:na]
	at com.mongodb.internal.connection.DefaultServerMonitor$ServerMonitorRunnable.lookupServerDescription(DefaultServerMonitor.java:188) ~[mongodb-driver-core-4.2.3.jar:na]
	at com.mongodb.internal.connection.DefaultServerMonitor$ServerMonitorRunnable.run(DefaultServerMonitor.java:144) ~[mongodb-driver-core-4.2.3.jar:na]
	at java.base/java.lang.Thread.run(Thread.java:831) ~[na:na]
Caused by: java.net.ConnectException: Connection refused: no further information
	at java.base/sun.nio.ch.Net.pollConnect(Native Method) ~[na:na]
	at java.base/sun.nio.ch.Net.pollConnectNow(Net.java:669) ~[na:na]
	at java.base/sun.nio.ch.NioSocketImpl.timedFinishConnect(NioSocketImpl.java:542) ~[na:na]
	at java.base/sun.nio.ch.NioSocketImpl.connect(NioSocketImpl.java:597) ~[na:na]
	at java.base/java.net.SocksSocketImpl.connect(SocksSocketImpl.java:333) ~[na:na]
	at java.base/java.net.Socket.connect(Socket.java:645) ~[na:na]
	at com.mongodb.internal.connection.SocketStreamHelper.initialize(SocketStreamHelper.java:107) ~[mongodb-driver-core-4.2.3.jar:na]
	at com.mongodb.internal.connection.SocketStream.initializeSocket(SocketStream.java:79) ~[mongodb-driver-core-4.2.3.jar:na]
	at com.mongodb.internal.connection.SocketStream.open(SocketStream.java:65) ~[mongodb-driver-core-4.2.3.jar:na]
	... 4 common frames omitted

2022-02-21 15:02:29.079  INFO 11516 --- [main] org.mongodb.driver.cluster               : Cluster description not yet available. Waiting for 30000 ms before timing out
2022-02-21 15:02:48.782  INFO 11516 --- [cluster-ClusterId{value='62137f540bc6ca268a41085a', description='null'}-localhost:27017] org.mongodb.driver.connection            : Opened connection [connectionId{localValue:43, serverValue:1}] to localhost:27017
2022-02-21 15:02:48.783  INFO 11516 --- [cluster-ClusterId{value='62137f540bc6ca268a41085a', description='null'}-localhost:27017] org.mongodb.driver.cluster               : Monitor thread successfully connected to server with description ServerDescription{address=localhost:27017, type=STANDALONE, state=CONNECTED, ok=true, minWireVersion=0, maxWireVersion=13, maxDocumentSize=16777216, logicalSessionTimeoutMinutes=30, roundTripTimeNanos=17299100}
2022-02-21 15:02:48.799  INFO 11516 --- [main] org.mongodb.driver.connection            : Opened connection [connectionId{localValue:44, serverValue:2}] to localhost:27017
2022-02-21 15:02:49.014  INFO 11516 --- [main] org.reflections.Reflections              : Reflections took 37 ms to scan 1 urls, producing 1 keys and 1 values 
2022-02-21 15:02:49.033  INFO 11516 --- [main] c.g.c.m.d.core.lock.DefaultLockManager   : Mongock trying to acquire the lock
2022-02-21 15:02:49.052  INFO 11516 --- [main] c.g.c.m.d.core.lock.DefaultLockManager   : Mongock acquired the lock until: Mon Feb 21 15:05:49 MSK 2022
2022-02-21 15:02:49.059  INFO 11516 --- [main] c.g.c.m.r.c.executor.MigrationExecutor   : Mongock starting the data migration sequence id[2022-02-21T15:02:49.058441900-647]...
2022-02-21 15:02:49.071  INFO 11516 --- [main] c.g.c.m.r.c.executor.MigrationExecutor   : method[dropDB] with arguments: [com.github.cloudyrock.mongock.driver.mongodb.sync.v4.decorator.impl.MongoDataBaseDecoratorImpl]
2022-02-21 15:02:49.084  INFO 11516 --- [main] c.g.c.m.r.c.executor.MigrationExecutor   : APPLIED - ChangeEntry{, "id"="dropDB", "author"="kmrandy", "class"="InitMongoDBDataChangeLog", "method"="dropDB"}
2022-02-21 15:02:49.138  INFO 11516 --- [main] c.g.c.m.r.c.executor.MigrationExecutor   : method[initAuthors] with arguments: [jdk.proxy2.$Proxy97]
2022-02-21 15:02:49.175  INFO 11516 --- [main] c.g.c.m.r.c.executor.MigrationExecutor   : APPLIED - ChangeEntry{, "id"="initAuthors", "author"="kmrandy", "class"="InitMongoDBDataChangeLog", "method"="initAuthors"}
2022-02-21 15:02:49.182  INFO 11516 --- [main] c.g.c.m.r.c.executor.MigrationExecutor   : method[initGenres] with arguments: [jdk.proxy2.$Proxy98]
2022-02-21 15:02:49.205  INFO 11516 --- [main] c.g.c.m.r.c.executor.MigrationExecutor   : APPLIED - ChangeEntry{, "id"="initGenres", "author"="kmrandy", "class"="InitMongoDBDataChangeLog", "method"="initGenres"}
2022-02-21 15:02:49.210  INFO 11516 --- [main] c.g.c.m.r.c.executor.MigrationExecutor   : method[initBooks] with arguments: [jdk.proxy2.$Proxy99]
2022-02-21 15:02:49.242  INFO 11516 --- [main] c.g.c.m.r.c.executor.MigrationExecutor   : APPLIED - ChangeEntry{, "id"="initBooks", "author"="kmrandy", "class"="InitMongoDBDataChangeLog", "method"="initBooks"}
2022-02-21 15:02:49.249  INFO 11516 --- [main] c.g.c.m.r.c.executor.MigrationExecutor   : method[initCommentaries] with arguments: [jdk.proxy2.$Proxy100]
2022-02-21 15:02:49.281  INFO 11516 --- [main] c.g.c.m.r.c.executor.MigrationExecutor   : APPLIED - ChangeEntry{, "id"="initCommentaries", "author"="kmrandy", "class"="InitMongoDBDataChangeLog", "method"="initCommentaries"}
2022-02-21 15:02:49.284  INFO 11516 --- [main] c.g.c.m.d.core.lock.DefaultLockManager   : Mongock releasing the lock
2022-02-21 15:02:49.289  INFO 11516 --- [main] c.g.c.m.d.core.lock.DefaultLockManager   : Mongock released the lock
2022-02-21 15:02:49.290  INFO 11516 --- [main] c.g.c.m.r.c.executor.MigrationExecutor   : Mongock has finished
2022-02-21 15:02:49.911  INFO 11516 --- [main] o.s.b.a.e.web.EndpointLinksResolver      : Exposing 15 endpoint(s) beneath base path '/actuator'
2022-02-21 15:02:49.984  INFO 11516 --- [main] o.s.b.w.embedded.tomcat.TomcatWebServer  : Tomcat started on port(s): 8080 (http) with context path ''
2022-02-21 15:02:49.997  INFO 11516 --- [main] ru.otus.spring.Application               : Started Application in 24.642 seconds (JVM running for 25.323)
2022-02-21 15:02:53.462  INFO 11516 --- [http-nio-8080-exec-1] o.a.c.c.C.[Tomcat].[localhost].[/]       : Initializing Spring DispatcherServlet 'dispatcherServlet'
2022-02-21 15:02:53.463  INFO 11516 --- [http-nio-8080-exec-1] o.s.web.servlet.DispatcherServlet        : Initializing Servlet 'dispatcherServlet'
2022-02-21 15:02:53.465  INFO 11516 --- [http-nio-8080-exec-1] o.s.web.servlet.DispatcherServlet        : Completed initialization in 2 ms
2022-02-21 15:02:58.523  INFO 11516 --- [cluster-rtt-ClusterId{value='62137f540bc6ca268a41085a', description='null'}-localhost:27017] org.mongodb.driver.connection            : Opened connection [connectionId{localValue:45, serverValue:3}] to localhost:27017
2022-02-21 15:26:22.193  INFO 11516 --- [SpringApplicationShutdownHook] org.mongodb.driver.connection            : Closed connection [connectionId{localValue:44, serverValue:2}] to localhost:27017 because the pool has been closed.
2022-02-21 15:35:06.678  INFO 11872 --- [main] ru.otus.spring.Application               : Starting Application using Java 16.0.2 on DESKTOP-V680D6E with PID 11872 (C:\JAVA\Homeworks\spring-30-homework\spring-30-homework\target\classes started by ctm99 in C:\JAVA\Homeworks\spring-30-homework\spring-30-homework)
2022-02-21 15:35:06.681  INFO 11872 --- [main] ru.otus.spring.Application               : No active profile set, falling back to default profiles: default
2022-02-21 15:35:07.704  INFO 11872 --- [main] .s.d.r.c.RepositoryConfigurationDelegate : Bootstrapping Spring Data MongoDB repositories in DEFAULT mode.
2022-02-21 15:35:07.786  INFO 11872 --- [main] .s.d.r.c.RepositoryConfigurationDelegate : Finished Spring Data repository scanning in 76 ms. Found 4 MongoDB repository interfaces.
2022-02-21 15:35:08.357  INFO 11872 --- [main] o.s.b.w.embedded.tomcat.TomcatWebServer  : Tomcat initialized with port(s): 8080 (http)
2022-02-21 15:35:08.374  INFO 11872 --- [main] o.apache.catalina.core.StandardService   : Starting service [Tomcat]
2022-02-21 15:35:08.375  INFO 11872 --- [main] org.apache.catalina.core.StandardEngine  : Starting Servlet engine: [Apache Tomcat/9.0.53]
2022-02-21 15:35:08.471  INFO 11872 --- [main] o.a.c.c.C.[Tomcat].[localhost].[/]       : Initializing Spring embedded WebApplicationContext
2022-02-21 15:35:08.472  INFO 11872 --- [main] w.s.c.ServletWebServerApplicationContext : Root WebApplicationContext: initialization completed in 1736 ms
2022-02-21 15:35:08.805  INFO 11872 --- [main] org.mongodb.driver.cluster               : Cluster created with settings {hosts=[localhost:27017], mode=SINGLE, requiredClusterType=UNKNOWN, serverSelectionTimeout='30000 ms'}
2022-02-21 15:35:08.874  INFO 11872 --- [cluster-ClusterId{value='621386fc75a5c1604faab97a', description='null'}-localhost:27017] org.mongodb.driver.connection            : Opened connection [connectionId{localValue:1, serverValue:4}] to localhost:27017
2022-02-21 15:35:08.875  INFO 11872 --- [cluster-ClusterId{value='621386fc75a5c1604faab97a', description='null'}-localhost:27017] org.mongodb.driver.cluster               : Monitor thread successfully connected to server with description ServerDescription{address=localhost:27017, type=STANDALONE, state=CONNECTED, ok=true, minWireVersion=0, maxWireVersion=13, maxDocumentSize=16777216, logicalSessionTimeoutMinutes=30, roundTripTimeNanos=25862100}
2022-02-21 15:35:08.876  INFO 11872 --- [cluster-rtt-ClusterId{value='621386fc75a5c1604faab97a', description='null'}-localhost:27017] org.mongodb.driver.connection            : Opened connection [connectionId{localValue:2, serverValue:5}] to localhost:27017
2022-02-21 15:35:09.276  INFO 11872 --- [main] org.mongodb.driver.connection            : Opened connection [connectionId{localValue:3, serverValue:6}] to localhost:27017
2022-02-21 15:35:09.476  INFO 11872 --- [main] org.reflections.Reflections              : Reflections took 28 ms to scan 1 urls, producing 1 keys and 1 values 
2022-02-21 15:35:09.494  INFO 11872 --- [main] c.g.c.m.d.core.lock.DefaultLockManager   : Mongock trying to acquire the lock
2022-02-21 15:35:09.517  INFO 11872 --- [main] c.g.c.m.d.core.lock.DefaultLockManager   : Mongock acquired the lock until: Mon Feb 21 15:38:09 MSK 2022
2022-02-21 15:35:09.520  INFO 11872 --- [main] c.g.c.m.r.c.executor.MigrationExecutor   : Mongock starting the data migration sequence id[2022-02-21T15:35:09.519401700-703]...
2022-02-21 15:35:09.532  INFO 11872 --- [main] c.g.c.m.r.c.executor.MigrationExecutor   : method[dropDB] with arguments: [com.github.cloudyrock.mongock.driver.mongodb.sync.v4.decorator.impl.MongoDataBaseDecoratorImpl]
2022-02-21 15:35:09.544  INFO 11872 --- [main] c.g.c.m.r.c.executor.MigrationExecutor   : RE-APPLIED - ChangeEntry{, "id"="dropDB", "author"="kmrandy", "class"="InitMongoDBDataChangeLog", "method"="dropDB"}
2022-02-21 15:35:09.550  INFO 11872 --- [main] c.g.c.m.r.c.executor.MigrationExecutor   : method[initAuthors] with arguments: [jdk.proxy2.$Proxy97]
2022-02-21 15:35:09.608  INFO 11872 --- [main] c.g.c.m.r.c.executor.MigrationExecutor   : APPLIED - ChangeEntry{, "id"="initAuthors", "author"="kmrandy", "class"="InitMongoDBDataChangeLog", "method"="initAuthors"}
2022-02-21 15:35:09.661  INFO 11872 --- [main] c.g.c.m.r.c.executor.MigrationExecutor   : method[initGenres] with arguments: [jdk.proxy2.$Proxy98]
2022-02-21 15:35:09.684  INFO 11872 --- [main] c.g.c.m.r.c.executor.MigrationExecutor   : APPLIED - ChangeEntry{, "id"="initGenres", "author"="kmrandy", "class"="InitMongoDBDataChangeLog", "method"="initGenres"}
2022-02-21 15:35:09.690  INFO 11872 --- [main] c.g.c.m.r.c.executor.MigrationExecutor   : method[initBooks] with arguments: [jdk.proxy2.$Proxy99]
2022-02-21 15:35:09.717  INFO 11872 --- [main] c.g.c.m.r.c.executor.MigrationExecutor   : APPLIED - ChangeEntry{, "id"="initBooks", "author"="kmrandy", "class"="InitMongoDBDataChangeLog", "method"="initBooks"}
2022-02-21 15:35:09.722  INFO 11872 --- [main] c.g.c.m.r.c.executor.MigrationExecutor   : method[initCommentaries] with arguments: [jdk.proxy2.$Proxy100]
2022-02-21 15:35:09.749  INFO 11872 --- [main] c.g.c.m.r.c.executor.MigrationExecutor   : APPLIED - ChangeEntry{, "id"="initCommentaries", "author"="kmrandy", "class"="InitMongoDBDataChangeLog", "method"="initCommentaries"}
2022-02-21 15:35:09.753  INFO 11872 --- [main] c.g.c.m.d.core.lock.DefaultLockManager   : Mongock releasing the lock
2022-02-21 15:35:09.758  INFO 11872 --- [main] c.g.c.m.d.core.lock.DefaultLockManager   : Mongock released the lock
2022-02-21 15:35:09.758  INFO 11872 --- [main] c.g.c.m.r.c.executor.MigrationExecutor   : Mongock has finished
2022-02-21 15:35:10.275  INFO 11872 --- [main] o.s.b.a.e.web.EndpointLinksResolver      : Exposing 15 endpoint(s) beneath base path '/actuator'
2022-02-21 15:35:10.376  INFO 11872 --- [main] o.s.b.w.embedded.tomcat.TomcatWebServer  : Tomcat started on port(s): 8080 (http) with context path ''
2022-02-21 15:35:10.394  INFO 11872 --- [main] ru.otus.spring.Application               : Started Application in 4.245 seconds (JVM running for 4.66)
2022-02-21 15:35:20.567  INFO 11872 --- [http-nio-8080-exec-1] o.a.c.c.C.[Tomcat].[localhost].[/]       : Initializing Spring DispatcherServlet 'dispatcherServlet'
2022-02-21 15:35:20.568  INFO 11872 --- [http-nio-8080-exec-1] o.s.web.servlet.DispatcherServlet        : Initializing Servlet 'dispatcherServlet'
2022-02-21 15:35:20.569  INFO 11872 --- [http-nio-8080-exec-1] o.s.web.servlet.DispatcherServlet        : Completed initialization in 1 ms
2022-02-21 15:37:03.870  INFO 11872 --- [SpringApplicationShutdownHook] org.mongodb.driver.connection            : Closed connection [connectionId{localValue:3, serverValue:6}] to localhost:27017 because the pool has been closed.
2022-02-21 15:45:56.432  INFO 10100 --- [main] ru.otus.spring.Application               : Starting Application using Java 16.0.2 on DESKTOP-V680D6E with PID 10100 (C:\JAVA\Homeworks\spring-30-homework\spring-30-homework\target\classes started by ctm99 in C:\JAVA\Homeworks\spring-30-homework\spring-30-homework)
2022-02-21 15:45:56.435  INFO 10100 --- [main] ru.otus.spring.Application               : No active profile set, falling back to default profiles: default
2022-02-21 15:45:57.399  INFO 10100 --- [main] .s.d.r.c.RepositoryConfigurationDelegate : Bootstrapping Spring Data MongoDB repositories in DEFAULT mode.
2022-02-21 15:45:57.482  INFO 10100 --- [main] .s.d.r.c.RepositoryConfigurationDelegate : Finished Spring Data repository scanning in 77 ms. Found 4 MongoDB repository interfaces.
2022-02-21 15:45:57.981  INFO 10100 --- [main] o.s.b.w.embedded.tomcat.TomcatWebServer  : Tomcat initialized with port(s): 8080 (http)
2022-02-21 15:45:57.993  INFO 10100 --- [main] o.apache.catalina.core.StandardService   : Starting service [Tomcat]
2022-02-21 15:45:57.993  INFO 10100 --- [main] org.apache.catalina.core.StandardEngine  : Starting Servlet engine: [Apache Tomcat/9.0.53]
2022-02-21 15:45:58.084  INFO 10100 --- [main] o.a.c.c.C.[Tomcat].[localhost].[/]       : Initializing Spring embedded WebApplicationContext
2022-02-21 15:45:58.084  INFO 10100 --- [main] w.s.c.ServletWebServerApplicationContext : Root WebApplicationContext: initialization completed in 1589 ms
2022-02-21 15:45:58.446  INFO 10100 --- [main] org.mongodb.driver.cluster               : Cluster created with settings {hosts=[localhost:27017], mode=SINGLE, requiredClusterType=UNKNOWN, serverSelectionTimeout='30000 ms'}
2022-02-21 15:45:58.514  INFO 10100 --- [cluster-ClusterId{value='62138986908d9203979e1fcd', description='null'}-localhost:27017] org.mongodb.driver.connection            : Opened connection [connectionId{localValue:2, serverValue:7}] to localhost:27017
2022-02-21 15:45:58.515  INFO 10100 --- [cluster-ClusterId{value='62138986908d9203979e1fcd', description='null'}-localhost:27017] org.mongodb.driver.cluster               : Monitor thread successfully connected to server with description ServerDescription{address=localhost:27017, type=STANDALONE, state=CONNECTED, ok=true, minWireVersion=0, maxWireVersion=13, maxDocumentSize=16777216, logicalSessionTimeoutMinutes=30, roundTripTimeNanos=26920700}
2022-02-21 15:45:58.515  INFO 10100 --- [cluster-rtt-ClusterId{value='62138986908d9203979e1fcd', description='null'}-localhost:27017] org.mongodb.driver.connection            : Opened connection [connectionId{localValue:1, serverValue:8}] to localhost:27017
2022-02-21 15:45:58.910  INFO 10100 --- [main] org.mongodb.driver.connection            : Opened connection [connectionId{localValue:3, serverValue:9}] to localhost:27017
2022-02-21 15:45:59.128  INFO 10100 --- [main] org.reflections.Reflections              : Reflections took 36 ms to scan 1 urls, producing 1 keys and 1 values 
2022-02-21 15:45:59.149  INFO 10100 --- [main] c.g.c.m.d.core.lock.DefaultLockManager   : Mongock trying to acquire the lock
2022-02-21 15:45:59.171  INFO 10100 --- [main] c.g.c.m.d.core.lock.DefaultLockManager   : Mongock acquired the lock until: Mon Feb 21 15:48:59 MSK 2022
2022-02-21 15:45:59.173  INFO 10100 --- [main] c.g.c.m.r.c.executor.MigrationExecutor   : Mongock starting the data migration sequence id[2022-02-21T15:45:59.173441800-554]...
2022-02-21 15:45:59.187  INFO 10100 --- [main] c.g.c.m.r.c.executor.MigrationExecutor   : method[dropDB] with arguments: [com.github.cloudyrock.mongock.driver.mongodb.sync.v4.decorator.impl.MongoDataBaseDecoratorImpl]
2022-02-21 15:45:59.200  INFO 10100 --- [main] c.g.c.m.r.c.executor.MigrationExecutor   : APPLIED - ChangeEntry{, "id"="dropDB", "author"="kmrandy", "class"="InitMongoDBDataChangeLog", "method"="dropDB"}
2022-02-21 15:45:59.253  INFO 10100 --- [main] c.g.c.m.r.c.executor.MigrationExecutor   : method[initAuthors] with arguments: [jdk.proxy2.$Proxy97]
2022-02-21 15:45:59.292  INFO 10100 --- [main] c.g.c.m.r.c.executor.MigrationExecutor   : APPLIED - ChangeEntry{, "id"="initAuthors", "author"="kmrandy", "class"="InitMongoDBDataChangeLog", "method"="initAuthors"}
2022-02-21 15:45:59.297  INFO 10100 --- [main] c.g.c.m.r.c.executor.MigrationExecutor   : method[initGenres] with arguments: [jdk.proxy2.$Proxy98]
2022-02-21 15:45:59.313  INFO 10100 --- [main] c.g.c.m.r.c.executor.MigrationExecutor   : APPLIED - ChangeEntry{, "id"="initGenres", "author"="kmrandy", "class"="InitMongoDBDataChangeLog", "method"="initGenres"}
2022-02-21 15:45:59.317  INFO 10100 --- [main] c.g.c.m.r.c.executor.MigrationExecutor   : method[initBooks] with arguments: [jdk.proxy2.$Proxy99]
2022-02-21 15:45:59.342  INFO 10100 --- [main] c.g.c.m.r.c.executor.MigrationExecutor   : APPLIED - ChangeEntry{, "id"="initBooks", "author"="kmrandy", "class"="InitMongoDBDataChangeLog", "method"="initBooks"}
2022-02-21 15:45:59.349  INFO 10100 --- [main] c.g.c.m.r.c.executor.MigrationExecutor   : method[initCommentaries] with arguments: [jdk.proxy2.$Proxy100]
2022-02-21 15:45:59.379  INFO 10100 --- [main] c.g.c.m.r.c.executor.MigrationExecutor   : APPLIED - ChangeEntry{, "id"="initCommentaries", "author"="kmrandy", "class"="InitMongoDBDataChangeLog", "method"="initCommentaries"}
2022-02-21 15:45:59.383  INFO 10100 --- [main] c.g.c.m.d.core.lock.DefaultLockManager   : Mongock releasing the lock
2022-02-21 15:45:59.390  INFO 10100 --- [main] c.g.c.m.d.core.lock.DefaultLockManager   : Mongock released the lock
2022-02-21 15:45:59.391  INFO 10100 --- [main] c.g.c.m.r.c.executor.MigrationExecutor   : Mongock has finished
2022-02-21 15:45:59.895  INFO 10100 --- [main] o.s.b.a.e.web.EndpointLinksResolver      : Exposing 15 endpoint(s) beneath base path '/actuator'
2022-02-21 15:45:59.988  INFO 10100 --- [main] o.s.b.w.embedded.tomcat.TomcatWebServer  : Tomcat started on port(s): 8080 (http) with context path ''
2022-02-21 15:46:00.000  INFO 10100 --- [main] ru.otus.spring.Application               : Started Application in 4.055 seconds (JVM running for 4.46)
2022-02-21 15:46:15.116  INFO 10100 --- [http-nio-8080-exec-1] o.a.c.c.C.[Tomcat].[localhost].[/]       : Initializing Spring DispatcherServlet 'dispatcherServlet'
2022-02-21 15:46:15.117  INFO 10100 --- [http-nio-8080-exec-1] o.s.web.servlet.DispatcherServlet        : Initializing Servlet 'dispatcherServlet'
2022-02-21 15:46:15.118  INFO 10100 --- [http-nio-8080-exec-1] o.s.web.servlet.DispatcherServlet        : Completed initialization in 1 ms
2022-02-21 15:48:01.032  INFO 10100 --- [SpringApplicationShutdownHook] org.mongodb.driver.connection            : Closed connection [connectionId{localValue:3, serverValue:9}] to localhost:27017 because the pool has been closed.
2022-02-21 15:48:05.600  INFO 6456 --- [main] ru.otus.spring.Application               : Starting Application using Java 16.0.2 on DESKTOP-V680D6E with PID 6456 (C:\JAVA\Homeworks\spring-30-homework\spring-30-homework\target\classes started by ctm99 in C:\JAVA\Homeworks\spring-30-homework\spring-30-homework)
2022-02-21 15:48:05.604  INFO 6456 --- [main] ru.otus.spring.Application               : No active profile set, falling back to default profiles: default
2022-02-21 15:48:06.611  INFO 6456 --- [main] .s.d.r.c.RepositoryConfigurationDelegate : Bootstrapping Spring Data MongoDB repositories in DEFAULT mode.
2022-02-21 15:48:06.697  INFO 6456 --- [main] .s.d.r.c.RepositoryConfigurationDelegate : Finished Spring Data repository scanning in 81 ms. Found 4 MongoDB repository interfaces.
2022-02-21 15:48:07.218  INFO 6456 --- [main] o.s.b.w.embedded.tomcat.TomcatWebServer  : Tomcat initialized with port(s): 8080 (http)
2022-02-21 15:48:07.229  INFO 6456 --- [main] o.apache.catalina.core.StandardService   : Starting service [Tomcat]
2022-02-21 15:48:07.229  INFO 6456 --- [main] org.apache.catalina.core.StandardEngine  : Starting Servlet engine: [Apache Tomcat/9.0.53]
2022-02-21 15:48:07.312  INFO 6456 --- [main] o.a.c.c.C.[Tomcat].[localhost].[/]       : Initializing Spring embedded WebApplicationContext
2022-02-21 15:48:07.313  INFO 6456 --- [main] w.s.c.ServletWebServerApplicationContext : Root WebApplicationContext: initialization completed in 1646 ms
2022-02-21 15:48:07.643  INFO 6456 --- [main] org.mongodb.driver.cluster               : Cluster created with settings {hosts=[localhost:27017], mode=SINGLE, requiredClusterType=UNKNOWN, serverSelectionTimeout='30000 ms'}
2022-02-21 15:48:07.709  INFO 6456 --- [cluster-ClusterId{value='62138a07b00fed3a45f66313', description='null'}-localhost:27017] org.mongodb.driver.connection            : Opened connection [connectionId{localValue:1, serverValue:11}] to localhost:27017
2022-02-21 15:48:07.710  INFO 6456 --- [cluster-rtt-ClusterId{value='62138a07b00fed3a45f66313', description='null'}-localhost:27017] org.mongodb.driver.connection            : Opened connection [connectionId{localValue:2, serverValue:10}] to localhost:27017
2022-02-21 15:48:07.710  INFO 6456 --- [cluster-ClusterId{value='62138a07b00fed3a45f66313', description='null'}-localhost:27017] org.mongodb.driver.cluster               : Monitor thread successfully connected to server with description ServerDescription{address=localhost:27017, type=STANDALONE, state=CONNECTED, ok=true, minWireVersion=0, maxWireVersion=13, maxDocumentSize=16777216, logicalSessionTimeoutMinutes=30, roundTripTimeNanos=20928500}
2022-02-21 15:48:08.126  INFO 6456 --- [main] org.mongodb.driver.connection            : Opened connection [connectionId{localValue:3, serverValue:12}] to localhost:27017
2022-02-21 15:48:08.343  INFO 6456 --- [main] org.reflections.Reflections              : Reflections took 30 ms to scan 1 urls, producing 1 keys and 1 values 
2022-02-21 15:48:08.360  INFO 6456 --- [main] c.g.c.m.d.core.lock.DefaultLockManager   : Mongock trying to acquire the lock
2022-02-21 15:48:08.385  INFO 6456 --- [main] c.g.c.m.d.core.lock.DefaultLockManager   : Mongock acquired the lock until: Mon Feb 21 15:51:08 MSK 2022
2022-02-21 15:48:08.388  INFO 6456 --- [main] c.g.c.m.r.c.executor.MigrationExecutor   : Mongock starting the data migration sequence id[2022-02-21T15:48:08.387143800-627]...
2022-02-21 15:48:08.402  INFO 6456 --- [main] c.g.c.m.r.c.executor.MigrationExecutor   : method[dropDB] with arguments: [com.github.cloudyrock.mongock.driver.mongodb.sync.v4.decorator.impl.MongoDataBaseDecoratorImpl]
2022-02-21 15:48:08.419  INFO 6456 --- [main] c.g.c.m.r.c.executor.MigrationExecutor   : RE-APPLIED - ChangeEntry{, "id"="dropDB", "author"="kmrandy", "class"="InitMongoDBDataChangeLog", "method"="dropDB"}
2022-02-21 15:48:08.424  INFO 6456 --- [main] c.g.c.m.r.c.executor.MigrationExecutor   : method[initAuthors] with arguments: [jdk.proxy2.$Proxy97]
2022-02-21 15:48:08.485  INFO 6456 --- [main] c.g.c.m.r.c.executor.MigrationExecutor   : APPLIED - ChangeEntry{, "id"="initAuthors", "author"="kmrandy", "class"="InitMongoDBDataChangeLog", "method"="initAuthors"}
2022-02-21 15:48:08.528  INFO 6456 --- [main] c.g.c.m.r.c.executor.MigrationExecutor   : method[initGenres] with arguments: [jdk.proxy2.$Proxy98]
2022-02-21 15:48:08.552  INFO 6456 --- [main] c.g.c.m.r.c.executor.MigrationExecutor   : APPLIED - ChangeEntry{, "id"="initGenres", "author"="kmrandy", "class"="InitMongoDBDataChangeLog", "method"="initGenres"}
2022-02-21 15:48:08.558  INFO 6456 --- [main] c.g.c.m.r.c.executor.MigrationExecutor   : method[initBooks] with arguments: [jdk.proxy2.$Proxy99]
2022-02-21 15:48:08.587  INFO 6456 --- [main] c.g.c.m.r.c.executor.MigrationExecutor   : APPLIED - ChangeEntry{, "id"="initBooks", "author"="kmrandy", "class"="InitMongoDBDataChangeLog", "method"="initBooks"}
2022-02-21 15:48:08.591  INFO 6456 --- [main] c.g.c.m.r.c.executor.MigrationExecutor   : method[initCommentaries] with arguments: [jdk.proxy2.$Proxy100]
2022-02-21 15:48:08.621  INFO 6456 --- [main] c.g.c.m.r.c.executor.MigrationExecutor   : APPLIED - ChangeEntry{, "id"="initCommentaries", "author"="kmrandy", "class"="InitMongoDBDataChangeLog", "method"="initCommentaries"}
2022-02-21 15:48:08.624  INFO 6456 --- [main] c.g.c.m.d.core.lock.DefaultLockManager   : Mongock releasing the lock
2022-02-21 15:48:08.628  INFO 6456 --- [main] c.g.c.m.d.core.lock.DefaultLockManager   : Mongock released the lock
2022-02-21 15:48:08.629  INFO 6456 --- [main] c.g.c.m.r.c.executor.MigrationExecutor   : Mongock has finished
2022-02-21 15:48:09.195  INFO 6456 --- [main] o.s.b.a.e.web.EndpointLinksResolver      : Exposing 15 endpoint(s) beneath base path '/actuator'
2022-02-21 15:48:09.281  INFO 6456 --- [main] o.s.b.w.embedded.tomcat.TomcatWebServer  : Tomcat started on port(s): 8080 (http) with context path ''
2022-02-21 15:48:09.295  INFO 6456 --- [main] ru.otus.spring.Application               : Started Application in 4.184 seconds (JVM running for 4.616)
2022-02-21 15:48:14.673  INFO 6456 --- [http-nio-8080-exec-1] o.a.c.c.C.[Tomcat].[localhost].[/]       : Initializing Spring DispatcherServlet 'dispatcherServlet'
2022-02-21 15:48:14.673  INFO 6456 --- [http-nio-8080-exec-1] o.s.web.servlet.DispatcherServlet        : Initializing Servlet 'dispatcherServlet'
2022-02-21 15:48:14.675  INFO 6456 --- [http-nio-8080-exec-1] o.s.web.servlet.DispatcherServlet        : Completed initialization in 1 ms
2022-02-21 15:50:33.776  INFO 6456 --- [SpringApplicationShutdownHook] org.mongodb.driver.connection            : Closed connection [connectionId{localValue:3, serverValue:12}] to localhost:27017 because the pool has been closed.
2022-02-21 15:50:38.361  INFO 11920 --- [main] ru.otus.spring.Application               : Starting Application using Java 16.0.2 on DESKTOP-V680D6E with PID 11920 (C:\JAVA\Homeworks\spring-30-homework\spring-30-homework\target\classes started by ctm99 in C:\JAVA\Homeworks\spring-30-homework\spring-30-homework)
2022-02-21 15:50:38.364  INFO 11920 --- [main] ru.otus.spring.Application               : No active profile set, falling back to default profiles: default
2022-02-21 15:50:39.346  INFO 11920 --- [main] .s.d.r.c.RepositoryConfigurationDelegate : Bootstrapping Spring Data MongoDB repositories in DEFAULT mode.
2022-02-21 15:50:39.418  INFO 11920 --- [main] .s.d.r.c.RepositoryConfigurationDelegate : Finished Spring Data repository scanning in 68 ms. Found 4 MongoDB repository interfaces.
2022-02-21 15:50:39.912  INFO 11920 --- [main] o.s.b.w.embedded.tomcat.TomcatWebServer  : Tomcat initialized with port(s): 8080 (http)
2022-02-21 15:50:39.922  INFO 11920 --- [main] o.apache.catalina.core.StandardService   : Starting service [Tomcat]
2022-02-21 15:50:39.922  INFO 11920 --- [main] org.apache.catalina.core.StandardEngine  : Starting Servlet engine: [Apache Tomcat/9.0.53]
2022-02-21 15:50:40.014  INFO 11920 --- [main] o.a.c.c.C.[Tomcat].[localhost].[/]       : Initializing Spring embedded WebApplicationContext
2022-02-21 15:50:40.014  INFO 11920 --- [main] w.s.c.ServletWebServerApplicationContext : Root WebApplicationContext: initialization completed in 1584 ms
2022-02-21 15:50:40.343  INFO 11920 --- [main] org.mongodb.driver.cluster               : Cluster created with settings {hosts=[localhost:27017], mode=SINGLE, requiredClusterType=UNKNOWN, serverSelectionTimeout='30000 ms'}
2022-02-21 15:50:40.410  INFO 11920 --- [cluster-ClusterId{value='62138aa065bd6d6d31b9f6e6', description='null'}-localhost:27017] org.mongodb.driver.connection            : Opened connection [connectionId{localValue:1, serverValue:14}] to localhost:27017
2022-02-21 15:50:40.411  INFO 11920 --- [cluster-rtt-ClusterId{value='62138aa065bd6d6d31b9f6e6', description='null'}-localhost:27017] org.mongodb.driver.connection            : Opened connection [connectionId{localValue:2, serverValue:13}] to localhost:27017
2022-02-21 15:50:40.411  INFO 11920 --- [cluster-ClusterId{value='62138aa065bd6d6d31b9f6e6', description='null'}-localhost:27017] org.mongodb.driver.cluster               : Monitor thread successfully connected to server with description ServerDescription{address=localhost:27017, type=STANDALONE, state=CONNECTED, ok=true, minWireVersion=0, maxWireVersion=13, maxDocumentSize=16777216, logicalSessionTimeoutMinutes=30, roundTripTimeNanos=23053001}
2022-02-21 15:50:40.819  INFO 11920 --- [main] org.mongodb.driver.connection            : Opened connection [connectionId{localValue:3, serverValue:15}] to localhost:27017
2022-02-21 15:50:41.007  INFO 11920 --- [main] org.reflections.Reflections              : Reflections took 33 ms to scan 1 urls, producing 1 keys and 1 values 
2022-02-21 15:50:41.028  INFO 11920 --- [main] c.g.c.m.d.core.lock.DefaultLockManager   : Mongock trying to acquire the lock
2022-02-21 15:50:41.048  INFO 11920 --- [main] c.g.c.m.d.core.lock.DefaultLockManager   : Mongock acquired the lock until: Mon Feb 21 15:53:41 MSK 2022
2022-02-21 15:50:41.050  INFO 11920 --- [main] c.g.c.m.r.c.executor.MigrationExecutor   : Mongock starting the data migration sequence id[2022-02-21T15:50:41.049994700-948]...
2022-02-21 15:50:41.064  INFO 11920 --- [main] c.g.c.m.r.c.executor.MigrationExecutor   : method[dropDB] with arguments: [com.github.cloudyrock.mongock.driver.mongodb.sync.v4.decorator.impl.MongoDataBaseDecoratorImpl]
2022-02-21 15:50:41.079  INFO 11920 --- [main] c.g.c.m.r.c.executor.MigrationExecutor   : APPLIED - ChangeEntry{, "id"="dropDB", "author"="kmrandy", "class"="InitMongoDBDataChangeLog", "method"="dropDB"}
2022-02-21 15:50:41.136  INFO 11920 --- [main] c.g.c.m.r.c.executor.MigrationExecutor   : method[initAuthors] with arguments: [jdk.proxy2.$Proxy97]
2022-02-21 15:50:41.170  INFO 11920 --- [main] c.g.c.m.r.c.executor.MigrationExecutor   : APPLIED - ChangeEntry{, "id"="initAuthors", "author"="kmrandy", "class"="InitMongoDBDataChangeLog", "method"="initAuthors"}
2022-02-21 15:50:41.175  INFO 11920 --- [main] c.g.c.m.r.c.executor.MigrationExecutor   : method[initGenres] with arguments: [jdk.proxy2.$Proxy98]
2022-02-21 15:50:41.197  INFO 11920 --- [main] c.g.c.m.r.c.executor.MigrationExecutor   : APPLIED - ChangeEntry{, "id"="initGenres", "author"="kmrandy", "class"="InitMongoDBDataChangeLog", "method"="initGenres"}
2022-02-21 15:50:41.201  INFO 11920 --- [main] c.g.c.m.r.c.executor.MigrationExecutor   : method[initBooks] with arguments: [jdk.proxy2.$Proxy99]
2022-02-21 15:50:41.229  INFO 11920 --- [main] c.g.c.m.r.c.executor.MigrationExecutor   : APPLIED - ChangeEntry{, "id"="initBooks", "author"="kmrandy", "class"="InitMongoDBDataChangeLog", "method"="initBooks"}
2022-02-21 15:50:41.235  INFO 11920 --- [main] c.g.c.m.r.c.executor.MigrationExecutor   : method[initCommentaries] with arguments: [jdk.proxy2.$Proxy100]
2022-02-21 15:50:41.264  INFO 11920 --- [main] c.g.c.m.r.c.executor.MigrationExecutor   : APPLIED - ChangeEntry{, "id"="initCommentaries", "author"="kmrandy", "class"="InitMongoDBDataChangeLog", "method"="initCommentaries"}
2022-02-21 15:50:41.267  INFO 11920 --- [main] c.g.c.m.d.core.lock.DefaultLockManager   : Mongock releasing the lock
2022-02-21 15:50:41.270  INFO 11920 --- [main] c.g.c.m.d.core.lock.DefaultLockManager   : Mongock released the lock
2022-02-21 15:50:41.271  INFO 11920 --- [main] c.g.c.m.r.c.executor.MigrationExecutor   : Mongock has finished
2022-02-21 15:50:41.745  INFO 11920 --- [main] o.s.b.a.e.web.EndpointLinksResolver      : Exposing 15 endpoint(s) beneath base path '/actuator'
2022-02-21 15:50:41.820  INFO 11920 --- [main] o.s.b.w.embedded.tomcat.TomcatWebServer  : Tomcat started on port(s): 8080 (http) with context path ''
2022-02-21 15:50:41.833  INFO 11920 --- [main] ru.otus.spring.Application               : Started Application in 3.971 seconds (JVM running for 4.385)
2022-02-21 15:50:46.073  INFO 11920 --- [http-nio-8080-exec-1] o.a.c.c.C.[Tomcat].[localhost].[/]       : Initializing Spring DispatcherServlet 'dispatcherServlet'
2022-02-21 15:50:46.073  INFO 11920 --- [http-nio-8080-exec-1] o.s.web.servlet.DispatcherServlet        : Initializing Servlet 'dispatcherServlet'
2022-02-21 15:50:46.075  INFO 11920 --- [http-nio-8080-exec-1] o.s.web.servlet.DispatcherServlet        : Completed initialization in 2 ms
2022-02-21 15:51:41.602  INFO 11920 --- [SpringApplicationShutdownHook] org.mongodb.driver.connection            : Closed connection [connectionId{localValue:3, serverValue:15}] to localhost:27017 because the pool has been closed.
2022-02-21 16:39:27.515  INFO 16936 --- [main] ru.otus.spring.Application               : Starting Application using Java 16.0.2 on DESKTOP-V680D6E with PID 16936 (C:\JAVA\Homeworks\spring-30-homework\spring-30-homework\target\classes started by ctm99 in C:\JAVA\Homeworks\spring-30-homework\spring-30-homework)
2022-02-21 16:39:27.519  INFO 16936 --- [main] ru.otus.spring.Application               : No active profile set, falling back to default profiles: default
2022-02-21 16:39:28.528  INFO 16936 --- [main] .s.d.r.c.RepositoryConfigurationDelegate : Bootstrapping Spring Data MongoDB repositories in DEFAULT mode.
2022-02-21 16:39:28.617  INFO 16936 --- [main] .s.d.r.c.RepositoryConfigurationDelegate : Finished Spring Data repository scanning in 83 ms. Found 4 MongoDB repository interfaces.
2022-02-21 16:39:29.272  INFO 16936 --- [main] o.s.b.w.embedded.tomcat.TomcatWebServer  : Tomcat initialized with port(s): 8080 (http)
2022-02-21 16:39:29.289  INFO 16936 --- [main] o.apache.catalina.core.StandardService   : Starting service [Tomcat]
2022-02-21 16:39:29.290  INFO 16936 --- [main] org.apache.catalina.core.StandardEngine  : Starting Servlet engine: [Apache Tomcat/9.0.53]
2022-02-21 16:39:29.384  INFO 16936 --- [main] o.a.c.c.C.[Tomcat].[localhost].[/]       : Initializing Spring embedded WebApplicationContext
2022-02-21 16:39:29.384  INFO 16936 --- [main] w.s.c.ServletWebServerApplicationContext : Root WebApplicationContext: initialization completed in 1799 ms
2022-02-21 16:39:29.858  INFO 16936 --- [main] org.mongodb.driver.cluster               : Cluster created with settings {hosts=[localhost:27017], mode=SINGLE, requiredClusterType=UNKNOWN, serverSelectionTimeout='30000 ms'}
2022-02-21 16:39:29.988  INFO 16936 --- [cluster-rtt-ClusterId{value='621396113f72c234a5296f4f', description='null'}-localhost:27017] org.mongodb.driver.connection            : Opened connection [connectionId{localValue:2, serverValue:16}] to localhost:27017
2022-02-21 16:39:29.988  INFO 16936 --- [cluster-ClusterId{value='621396113f72c234a5296f4f', description='null'}-localhost:27017] org.mongodb.driver.connection            : Opened connection [connectionId{localValue:1, serverValue:17}] to localhost:27017
2022-02-21 16:39:29.989  INFO 16936 --- [cluster-ClusterId{value='621396113f72c234a5296f4f', description='null'}-localhost:27017] org.mongodb.driver.cluster               : Monitor thread successfully connected to server with description ServerDescription{address=localhost:27017, type=STANDALONE, state=CONNECTED, ok=true, minWireVersion=0, maxWireVersion=13, maxDocumentSize=16777216, logicalSessionTimeoutMinutes=30, roundTripTimeNanos=27931300}
2022-02-21 16:39:30.655  INFO 16936 --- [main] org.mongodb.driver.connection            : Opened connection [connectionId{localValue:3, serverValue:18}] to localhost:27017
2022-02-21 16:39:30.910  INFO 16936 --- [main] org.reflections.Reflections              : Reflections took 42 ms to scan 1 urls, producing 1 keys and 1 values 
2022-02-21 16:39:30.927  INFO 16936 --- [main] c.g.c.m.d.core.lock.DefaultLockManager   : Mongock trying to acquire the lock
2022-02-21 16:39:30.951  INFO 16936 --- [main] c.g.c.m.d.core.lock.DefaultLockManager   : Mongock acquired the lock until: Mon Feb 21 16:42:30 MSK 2022
2022-02-21 16:39:30.954  INFO 16936 --- [main] c.g.c.m.r.c.executor.MigrationExecutor   : Mongock starting the data migration sequence id[2022-02-21T16:39:30.953376400-18]...
2022-02-21 16:39:30.967  INFO 16936 --- [main] c.g.c.m.r.c.executor.MigrationExecutor   : method[dropDB] with arguments: [com.github.cloudyrock.mongock.driver.mongodb.sync.v4.decorator.impl.MongoDataBaseDecoratorImpl]
2022-02-21 16:39:30.981  INFO 16936 --- [main] c.g.c.m.r.c.executor.MigrationExecutor   : RE-APPLIED - ChangeEntry{, "id"="dropDB", "author"="kmrandy", "class"="InitMongoDBDataChangeLog", "method"="dropDB"}
2022-02-21 16:39:30.987  INFO 16936 --- [main] c.g.c.m.r.c.executor.MigrationExecutor   : method[initAuthors] with arguments: [jdk.proxy2.$Proxy97]
2022-02-21 16:39:31.047  INFO 16936 --- [main] c.g.c.m.r.c.executor.MigrationExecutor   : APPLIED - ChangeEntry{, "id"="initAuthors", "author"="kmrandy", "class"="InitMongoDBDataChangeLog", "method"="initAuthors"}
2022-02-21 16:39:31.107  INFO 16936 --- [main] c.g.c.m.r.c.executor.MigrationExecutor   : method[initGenres] with arguments: [jdk.proxy2.$Proxy98]
2022-02-21 16:39:31.153  INFO 16936 --- [main] c.g.c.m.r.c.executor.MigrationExecutor   : APPLIED - ChangeEntry{, "id"="initGenres", "author"="kmrandy", "class"="InitMongoDBDataChangeLog", "method"="initGenres"}
2022-02-21 16:39:31.160  INFO 16936 --- [main] c.g.c.m.r.c.executor.MigrationExecutor   : method[initBooks] with arguments: [jdk.proxy2.$Proxy99]
2022-02-21 16:39:31.203  INFO 16936 --- [main] c.g.c.m.r.c.executor.MigrationExecutor   : APPLIED - ChangeEntry{, "id"="initBooks", "author"="kmrandy", "class"="InitMongoDBDataChangeLog", "method"="initBooks"}
2022-02-21 16:39:31.208  INFO 16936 --- [main] c.g.c.m.r.c.executor.MigrationExecutor   : method[initCommentaries] with arguments: [jdk.proxy2.$Proxy100]
2022-02-21 16:39:31.231  INFO 16936 --- [main] c.g.c.m.r.c.executor.MigrationExecutor   : APPLIED - ChangeEntry{, "id"="initCommentaries", "author"="kmrandy", "class"="InitMongoDBDataChangeLog", "method"="initCommentaries"}
2022-02-21 16:39:31.233  INFO 16936 --- [main] c.g.c.m.d.core.lock.DefaultLockManager   : Mongock releasing the lock
2022-02-21 16:39:31.236  INFO 16936 --- [main] c.g.c.m.d.core.lock.DefaultLockManager   : Mongock released the lock
2022-02-21 16:39:31.237  INFO 16936 --- [main] c.g.c.m.r.c.executor.MigrationExecutor   : Mongock has finished
2022-02-21 16:39:31.752  INFO 16936 --- [main] o.s.b.a.e.web.EndpointLinksResolver      : Exposing 15 endpoint(s) beneath base path '/actuator'
2022-02-21 16:39:31.856  INFO 16936 --- [main] o.s.b.w.embedded.tomcat.TomcatWebServer  : Tomcat started on port(s): 8080 (http) with context path ''
2022-02-21 16:39:31.871  INFO 16936 --- [main] ru.otus.spring.Application               : Started Application in 4.856 seconds (JVM running for 5.256)
2022-02-21 16:39:36.071  INFO 16936 --- [http-nio-8080-exec-1] o.a.c.c.C.[Tomcat].[localhost].[/]       : Initializing Spring DispatcherServlet 'dispatcherServlet'
2022-02-21 16:39:36.072  INFO 16936 --- [http-nio-8080-exec-1] o.s.web.servlet.DispatcherServlet        : Initializing Servlet 'dispatcherServlet'
2022-02-21 16:39:36.074  INFO 16936 --- [http-nio-8080-exec-1] o.s.web.servlet.DispatcherServlet        : Completed initialization in 2 ms
2022-02-21 16:39:46.583  INFO 16936 --- [SpringApplicationShutdownHook] org.mongodb.driver.connection            : Closed connection [connectionId{localValue:3, serverValue:18}] to localhost:27017 because the pool has been closed.
2022-02-21 16:40:41.202  INFO 5824 --- [main] ru.otus.spring.Application               : Starting Application using Java 16.0.2 on DESKTOP-V680D6E with PID 5824 (C:\JAVA\Homeworks\spring-30-homework\spring-30-homework\target\classes started by ctm99 in C:\JAVA\Homeworks\spring-30-homework\spring-30-homework)
2022-02-21 16:40:41.206  INFO 5824 --- [main] ru.otus.spring.Application               : No active profile set, falling back to default profiles: default
2022-02-21 16:40:42.187  INFO 5824 --- [main] .s.d.r.c.RepositoryConfigurationDelegate : Bootstrapping Spring Data MongoDB repositories in DEFAULT mode.
2022-02-21 16:40:42.279  INFO 5824 --- [main] .s.d.r.c.RepositoryConfigurationDelegate : Finished Spring Data repository scanning in 86 ms. Found 4 MongoDB repository interfaces.
2022-02-21 16:40:42.800  INFO 5824 --- [main] o.s.b.w.embedded.tomcat.TomcatWebServer  : Tomcat initialized with port(s): 8080 (http)
2022-02-21 16:40:42.810  INFO 5824 --- [main] o.apache.catalina.core.StandardService   : Starting service [Tomcat]
2022-02-21 16:40:42.810  INFO 5824 --- [main] org.apache.catalina.core.StandardEngine  : Starting Servlet engine: [Apache Tomcat/9.0.53]
2022-02-21 16:40:42.903  INFO 5824 --- [main] o.a.c.c.C.[Tomcat].[localhost].[/]       : Initializing Spring embedded WebApplicationContext
2022-02-21 16:40:42.903  INFO 5824 --- [main] w.s.c.ServletWebServerApplicationContext : Root WebApplicationContext: initialization completed in 1632 ms
2022-02-21 16:40:43.258  INFO 5824 --- [main] org.mongodb.driver.cluster               : Cluster created with settings {hosts=[localhost:27017], mode=SINGLE, requiredClusterType=UNKNOWN, serverSelectionTimeout='30000 ms'}
2022-02-21 16:40:43.319  INFO 5824 --- [cluster-ClusterId{value='6213965bd1cec37a5fabee61', description='null'}-localhost:27017] org.mongodb.driver.connection            : Opened connection [connectionId{localValue:2, serverValue:20}] to localhost:27017
2022-02-21 16:40:43.319  INFO 5824 --- [cluster-rtt-ClusterId{value='6213965bd1cec37a5fabee61', description='null'}-localhost:27017] org.mongodb.driver.connection            : Opened connection [connectionId{localValue:1, serverValue:19}] to localhost:27017
2022-02-21 16:40:43.320  INFO 5824 --- [cluster-ClusterId{value='6213965bd1cec37a5fabee61', description='null'}-localhost:27017] org.mongodb.driver.cluster               : Monitor thread successfully connected to server with description ServerDescription{address=localhost:27017, type=STANDALONE, state=CONNECTED, ok=true, minWireVersion=0, maxWireVersion=13, maxDocumentSize=16777216, logicalSessionTimeoutMinutes=30, roundTripTimeNanos=23292400}
2022-02-21 16:40:43.725  INFO 5824 --- [main] org.mongodb.driver.connection            : Opened connection [connectionId{localValue:3, serverValue:21}] to localhost:27017
2022-02-21 16:40:43.924  INFO 5824 --- [main] org.reflections.Reflections              : Reflections took 27 ms to scan 1 urls, producing 1 keys and 1 values 
2022-02-21 16:40:43.945  INFO 5824 --- [main] c.g.c.m.d.core.lock.DefaultLockManager   : Mongock trying to acquire the lock
2022-02-21 16:40:43.966  INFO 5824 --- [main] c.g.c.m.d.core.lock.DefaultLockManager   : Mongock acquired the lock until: Mon Feb 21 16:43:43 MSK 2022
2022-02-21 16:40:43.968  INFO 5824 --- [main] c.g.c.m.r.c.executor.MigrationExecutor   : Mongock starting the data migration sequence id[2022-02-21T16:40:43.968622-768]...
2022-02-21 16:40:43.985  INFO 5824 --- [main] c.g.c.m.r.c.executor.MigrationExecutor   : method[dropDB] with arguments: [com.github.cloudyrock.mongock.driver.mongodb.sync.v4.decorator.impl.MongoDataBaseDecoratorImpl]
2022-02-21 16:40:43.999  INFO 5824 --- [main] c.g.c.m.r.c.executor.MigrationExecutor   : APPLIED - ChangeEntry{, "id"="dropDB", "author"="kmrandy", "class"="InitMongoDBDataChangeLog", "method"="dropDB"}
2022-02-21 16:40:44.074  INFO 5824 --- [main] c.g.c.m.r.c.executor.MigrationExecutor   : method[initAuthors] with arguments: [jdk.proxy2.$Proxy97]
2022-02-21 16:40:44.140  INFO 5824 --- [main] c.g.c.m.r.c.executor.MigrationExecutor   : APPLIED - ChangeEntry{, "id"="initAuthors", "author"="kmrandy", "class"="InitMongoDBDataChangeLog", "method"="initAuthors"}
2022-02-21 16:40:44.147  INFO 5824 --- [main] c.g.c.m.r.c.executor.MigrationExecutor   : method[initGenres] with arguments: [jdk.proxy2.$Proxy98]
2022-02-21 16:40:44.191  INFO 5824 --- [main] c.g.c.m.r.c.executor.MigrationExecutor   : APPLIED - ChangeEntry{, "id"="initGenres", "author"="kmrandy", "class"="InitMongoDBDataChangeLog", "method"="initGenres"}
2022-02-21 16:40:44.200  INFO 5824 --- [main] c.g.c.m.r.c.executor.MigrationExecutor   : method[initBooks] with arguments: [jdk.proxy2.$Proxy99]
2022-02-21 16:40:44.245  INFO 5824 --- [main] c.g.c.m.r.c.executor.MigrationExecutor   : APPLIED - ChangeEntry{, "id"="initBooks", "author"="kmrandy", "class"="InitMongoDBDataChangeLog", "method"="initBooks"}
2022-02-21 16:40:44.252  INFO 5824 --- [main] c.g.c.m.r.c.executor.MigrationExecutor   : method[initCommentaries] with arguments: [jdk.proxy2.$Proxy100]
2022-02-21 16:40:44.284  INFO 5824 --- [main] c.g.c.m.r.c.executor.MigrationExecutor   : APPLIED - ChangeEntry{, "id"="initCommentaries", "author"="kmrandy", "class"="InitMongoDBDataChangeLog", "method"="initCommentaries"}
2022-02-21 16:40:44.287  INFO 5824 --- [main] c.g.c.m.d.core.lock.DefaultLockManager   : Mongock releasing the lock
2022-02-21 16:40:44.291  INFO 5824 --- [main] c.g.c.m.d.core.lock.DefaultLockManager   : Mongock released the lock
2022-02-21 16:40:44.292  INFO 5824 --- [main] c.g.c.m.r.c.executor.MigrationExecutor   : Mongock has finished
2022-02-21 16:40:44.840  INFO 5824 --- [main] o.s.b.a.e.web.EndpointLinksResolver      : Exposing 15 endpoint(s) beneath base path '/actuator'
2022-02-21 16:40:44.916  INFO 5824 --- [main] o.s.b.w.embedded.tomcat.TomcatWebServer  : Tomcat started on port(s): 8080 (http) with context path ''
2022-02-21 16:40:44.929  INFO 5824 --- [main] ru.otus.spring.Application               : Started Application in 4.215 seconds (JVM running for 4.6)
2022-02-21 16:40:52.318  INFO 5824 --- [http-nio-8080-exec-1] o.a.c.c.C.[Tomcat].[localhost].[/]       : Initializing Spring DispatcherServlet 'dispatcherServlet'
2022-02-21 16:40:52.319  INFO 5824 --- [http-nio-8080-exec-1] o.s.web.servlet.DispatcherServlet        : Initializing Servlet 'dispatcherServlet'
2022-02-21 16:40:52.320  INFO 5824 --- [http-nio-8080-exec-1] o.s.web.servlet.DispatcherServlet        : Completed initialization in 1 ms
2022-02-21 16:41:45.288  INFO 5824 --- [SpringApplicationShutdownHook] org.mongodb.driver.connection            : Closed connection [connectionId{localValue:3, serverValue:21}] to localhost:27017 because the pool has been closed.
2022-02-21 17:22:30.233  INFO 14024 --- [main] ru.otus.spring.Application               : Starting Application using Java 16.0.2 on DESKTOP-V680D6E with PID 14024 (C:\JAVA\Homeworks\spring-30-homework\spring-30-homework\target\classes started by ctm99 in C:\JAVA\Homeworks\spring-30-homework\spring-30-homework)
2022-02-21 17:22:30.236  INFO 14024 --- [main] ru.otus.spring.Application               : No active profile set, falling back to default profiles: default
2022-02-21 17:22:31.209  INFO 14024 --- [main] .s.d.r.c.RepositoryConfigurationDelegate : Bootstrapping Spring Data MongoDB repositories in DEFAULT mode.
2022-02-21 17:22:31.279  INFO 14024 --- [main] .s.d.r.c.RepositoryConfigurationDelegate : Finished Spring Data repository scanning in 64 ms. Found 4 MongoDB repository interfaces.
2022-02-21 17:22:31.799  INFO 14024 --- [main] o.s.b.w.embedded.tomcat.TomcatWebServer  : Tomcat initialized with port(s): 8080 (http)
2022-02-21 17:22:31.812  INFO 14024 --- [main] o.apache.catalina.core.StandardService   : Starting service [Tomcat]
2022-02-21 17:22:31.813  INFO 14024 --- [main] org.apache.catalina.core.StandardEngine  : Starting Servlet engine: [Apache Tomcat/9.0.53]
2022-02-21 17:22:31.893  INFO 14024 --- [main] o.a.c.c.C.[Tomcat].[localhost].[/]       : Initializing Spring embedded WebApplicationContext
2022-02-21 17:22:31.893  INFO 14024 --- [main] w.s.c.ServletWebServerApplicationContext : Root WebApplicationContext: initialization completed in 1590 ms
2022-02-21 17:22:32.258  INFO 14024 --- [main] org.mongodb.driver.cluster               : Cluster created with settings {hosts=[localhost:27017], mode=SINGLE, requiredClusterType=UNKNOWN, serverSelectionTimeout='30000 ms'}
2022-02-21 17:22:32.326  INFO 14024 --- [cluster-ClusterId{value='6213a02886a1826f7ff8e01f', description='null'}-localhost:27017] org.mongodb.driver.connection            : Opened connection [connectionId{localValue:1, serverValue:22}] to localhost:27017
2022-02-21 17:22:32.326  INFO 14024 --- [cluster-rtt-ClusterId{value='6213a02886a1826f7ff8e01f', description='null'}-localhost:27017] org.mongodb.driver.connection            : Opened connection [connectionId{localValue:2, serverValue:23}] to localhost:27017
2022-02-21 17:22:32.326  INFO 14024 --- [cluster-ClusterId{value='6213a02886a1826f7ff8e01f', description='null'}-localhost:27017] org.mongodb.driver.cluster               : Monitor thread successfully connected to server with description ServerDescription{address=localhost:27017, type=STANDALONE, state=CONNECTED, ok=true, minWireVersion=0, maxWireVersion=13, maxDocumentSize=16777216, logicalSessionTimeoutMinutes=30, roundTripTimeNanos=25109100}
2022-02-21 17:22:32.748  INFO 14024 --- [main] org.mongodb.driver.connection            : Opened connection [connectionId{localValue:3, serverValue:24}] to localhost:27017
2022-02-21 17:22:32.951  INFO 14024 --- [main] org.reflections.Reflections              : Reflections took 28 ms to scan 1 urls, producing 1 keys and 1 values 
2022-02-21 17:22:32.970  INFO 14024 --- [main] c.g.c.m.d.core.lock.DefaultLockManager   : Mongock trying to acquire the lock
2022-02-21 17:22:32.988  INFO 14024 --- [main] c.g.c.m.d.core.lock.DefaultLockManager   : Mongock acquired the lock until: Mon Feb 21 17:25:32 MSK 2022
2022-02-21 17:22:32.990  INFO 14024 --- [main] c.g.c.m.r.c.executor.MigrationExecutor   : Mongock starting the data migration sequence id[2022-02-21T17:22:32.990725100-615]...
2022-02-21 17:22:33.000  INFO 14024 --- [main] c.g.c.m.r.c.executor.MigrationExecutor   : method[dropDB] with arguments: [com.github.cloudyrock.mongock.driver.mongodb.sync.v4.decorator.impl.MongoDataBaseDecoratorImpl]
2022-02-21 17:22:33.011  INFO 14024 --- [main] c.g.c.m.r.c.executor.MigrationExecutor   : RE-APPLIED - ChangeEntry{, "id"="dropDB", "author"="kmrandy", "class"="InitMongoDBDataChangeLog", "method"="dropDB"}
2022-02-21 17:22:33.016  INFO 14024 --- [main] c.g.c.m.r.c.executor.MigrationExecutor   : method[initAuthors] with arguments: [jdk.proxy2.$Proxy97]
2022-02-21 17:22:33.081  INFO 14024 --- [main] c.g.c.m.r.c.executor.MigrationExecutor   : APPLIED - ChangeEntry{, "id"="initAuthors", "author"="kmrandy", "class"="InitMongoDBDataChangeLog", "method"="initAuthors"}
2022-02-21 17:22:33.118  INFO 14024 --- [main] c.g.c.m.r.c.executor.MigrationExecutor   : method[initGenres] with arguments: [jdk.proxy2.$Proxy98]
2022-02-21 17:22:33.140  INFO 14024 --- [main] c.g.c.m.r.c.executor.MigrationExecutor   : APPLIED - ChangeEntry{, "id"="initGenres", "author"="kmrandy", "class"="InitMongoDBDataChangeLog", "method"="initGenres"}
2022-02-21 17:22:33.145  INFO 14024 --- [main] c.g.c.m.r.c.executor.MigrationExecutor   : method[initBooks] with arguments: [jdk.proxy2.$Proxy99]
2022-02-21 17:22:33.171  INFO 14024 --- [main] c.g.c.m.r.c.executor.MigrationExecutor   : APPLIED - ChangeEntry{, "id"="initBooks", "author"="kmrandy", "class"="InitMongoDBDataChangeLog", "method"="initBooks"}
2022-02-21 17:22:33.176  INFO 14024 --- [main] c.g.c.m.r.c.executor.MigrationExecutor   : method[initCommentaries] with arguments: [jdk.proxy2.$Proxy100]
2022-02-21 17:22:33.202  INFO 14024 --- [main] c.g.c.m.r.c.executor.MigrationExecutor   : APPLIED - ChangeEntry{, "id"="initCommentaries", "author"="kmrandy", "class"="InitMongoDBDataChangeLog", "method"="initCommentaries"}
2022-02-21 17:22:33.204  INFO 14024 --- [main] c.g.c.m.d.core.lock.DefaultLockManager   : Mongock releasing the lock
2022-02-21 17:22:33.208  INFO 14024 --- [main] c.g.c.m.d.core.lock.DefaultLockManager   : Mongock released the lock
2022-02-21 17:22:33.208  INFO 14024 --- [main] c.g.c.m.r.c.executor.MigrationExecutor   : Mongock has finished
2022-02-21 17:22:33.798  INFO 14024 --- [main] o.s.b.a.e.web.EndpointLinksResolver      : Exposing 15 endpoint(s) beneath base path '/actuator'
2022-02-21 17:22:33.875  INFO 14024 --- [main] o.s.b.w.embedded.tomcat.TomcatWebServer  : Tomcat started on port(s): 8080 (http) with context path ''
2022-02-21 17:22:33.888  INFO 14024 --- [main] ru.otus.spring.Application               : Started Application in 4.14 seconds (JVM running for 4.529)
2022-02-21 17:22:38.938  INFO 14024 --- [http-nio-8080-exec-1] o.a.c.c.C.[Tomcat].[localhost].[/]       : Initializing Spring DispatcherServlet 'dispatcherServlet'
2022-02-21 17:22:38.939  INFO 14024 --- [http-nio-8080-exec-1] o.s.web.servlet.DispatcherServlet        : Initializing Servlet 'dispatcherServlet'
2022-02-21 17:22:38.940  INFO 14024 --- [http-nio-8080-exec-1] o.s.web.servlet.DispatcherServlet        : Completed initialization in 1 ms
2022-02-21 17:25:02.402  INFO 14024 --- [SpringApplicationShutdownHook] org.mongodb.driver.connection            : Closed connection [connectionId{localValue:3, serverValue:24}] to localhost:27017 because the pool has been closed.
2022-02-21 17:32:58.862  INFO 10644 --- [main] ru.otus.spring.Application               : Starting Application using Java 16.0.2 on DESKTOP-V680D6E with PID 10644 (C:\JAVA\Homeworks\spring-30-homework\spring-30-homework\target\classes started by ctm99 in C:\JAVA\Homeworks\spring-30-homework\spring-30-homework)
2022-02-21 17:32:58.866  INFO 10644 --- [main] ru.otus.spring.Application               : No active profile set, falling back to default profiles: default
2022-02-21 17:33:00.048  INFO 10644 --- [main] .s.d.r.c.RepositoryConfigurationDelegate : Bootstrapping Spring Data MongoDB repositories in DEFAULT mode.
2022-02-21 17:33:00.138  INFO 10644 --- [main] .s.d.r.c.RepositoryConfigurationDelegate : Finished Spring Data repository scanning in 84 ms. Found 4 MongoDB repository interfaces.
2022-02-21 17:33:00.731  INFO 10644 --- [main] o.s.b.w.embedded.tomcat.TomcatWebServer  : Tomcat initialized with port(s): 8080 (http)
2022-02-21 17:33:00.747  INFO 10644 --- [main] o.apache.catalina.core.StandardService   : Starting service [Tomcat]
2022-02-21 17:33:00.748  INFO 10644 --- [main] org.apache.catalina.core.StandardEngine  : Starting Servlet engine: [Apache Tomcat/9.0.53]
2022-02-21 17:33:00.849  INFO 10644 --- [main] o.a.c.c.C.[Tomcat].[localhost].[/]       : Initializing Spring embedded WebApplicationContext
2022-02-21 17:33:00.849  INFO 10644 --- [main] w.s.c.ServletWebServerApplicationContext : Root WebApplicationContext: initialization completed in 1916 ms
2022-02-21 17:33:01.201  INFO 10644 --- [main] org.mongodb.driver.cluster               : Cluster created with settings {hosts=[localhost:27017], mode=SINGLE, requiredClusterType=UNKNOWN, serverSelectionTimeout='30000 ms'}
2022-02-21 17:33:01.269  INFO 10644 --- [cluster-rtt-ClusterId{value='6213a29d276658593cc19bea', description='null'}-localhost:27017] org.mongodb.driver.connection            : Opened connection [connectionId{localValue:2, serverValue:26}] to localhost:27017
2022-02-21 17:33:01.269  INFO 10644 --- [cluster-ClusterId{value='6213a29d276658593cc19bea', description='null'}-localhost:27017] org.mongodb.driver.connection            : Opened connection [connectionId{localValue:1, serverValue:25}] to localhost:27017
2022-02-21 17:33:01.269  INFO 10644 --- [cluster-ClusterId{value='6213a29d276658593cc19bea', description='null'}-localhost:27017] org.mongodb.driver.cluster               : Monitor thread successfully connected to server with description ServerDescription{address=localhost:27017, type=STANDALONE, state=CONNECTED, ok=true, minWireVersion=0, maxWireVersion=13, maxDocumentSize=16777216, logicalSessionTimeoutMinutes=30, roundTripTimeNanos=23357700}
2022-02-21 17:33:01.798  INFO 10644 --- [main] org.mongodb.driver.connection            : Opened connection [connectionId{localValue:3, serverValue:27}] to localhost:27017
2022-02-21 17:33:02.477  INFO 10644 --- [main] org.reflections.Reflections              : Reflections took 29 ms to scan 1 urls, producing 1 keys and 1 values 
2022-02-21 17:33:02.494  INFO 10644 --- [main] c.g.c.m.d.core.lock.DefaultLockManager   : Mongock trying to acquire the lock
2022-02-21 17:33:02.516  INFO 10644 --- [main] c.g.c.m.d.core.lock.DefaultLockManager   : Mongock acquired the lock until: Mon Feb 21 17:36:02 MSK 2022
2022-02-21 17:33:02.518  INFO 10644 --- [main] c.g.c.m.r.c.executor.MigrationExecutor   : Mongock starting the data migration sequence id[2022-02-21T17:33:02.518172100-628]...
2022-02-21 17:33:02.532  INFO 10644 --- [main] c.g.c.m.r.c.executor.MigrationExecutor   : method[dropDB] with arguments: [com.github.cloudyrock.mongock.driver.mongodb.sync.v4.decorator.impl.MongoDataBaseDecoratorImpl]
2022-02-21 17:33:02.549  INFO 10644 --- [main] c.g.c.m.r.c.executor.MigrationExecutor   : APPLIED - ChangeEntry{, "id"="dropDB", "author"="kmrandy", "class"="InitMongoDBDataChangeLog", "method"="dropDB"}
2022-02-21 17:33:02.613  INFO 10644 --- [main] c.g.c.m.r.c.executor.MigrationExecutor   : method[initAuthors] with arguments: [jdk.proxy2.$Proxy97]
2022-02-21 17:33:02.653  INFO 10644 --- [main] c.g.c.m.r.c.executor.MigrationExecutor   : APPLIED - ChangeEntry{, "id"="initAuthors", "author"="kmrandy", "class"="InitMongoDBDataChangeLog", "method"="initAuthors"}
2022-02-21 17:33:02.659  INFO 10644 --- [main] c.g.c.m.r.c.executor.MigrationExecutor   : method[initGenres] with arguments: [jdk.proxy2.$Proxy98]
2022-02-21 17:33:02.680  INFO 10644 --- [main] c.g.c.m.r.c.executor.MigrationExecutor   : APPLIED - ChangeEntry{, "id"="initGenres", "author"="kmrandy", "class"="InitMongoDBDataChangeLog", "method"="initGenres"}
2022-02-21 17:33:02.685  INFO 10644 --- [main] c.g.c.m.r.c.executor.MigrationExecutor   : method[initBooks] with arguments: [jdk.proxy2.$Proxy99]
2022-02-21 17:33:02.714  INFO 10644 --- [main] c.g.c.m.r.c.executor.MigrationExecutor   : APPLIED - ChangeEntry{, "id"="initBooks", "author"="kmrandy", "class"="InitMongoDBDataChangeLog", "method"="initBooks"}
2022-02-21 17:33:02.719  INFO 10644 --- [main] c.g.c.m.r.c.executor.MigrationExecutor   : method[initCommentaries] with arguments: [jdk.proxy2.$Proxy100]
2022-02-21 17:33:02.747  INFO 10644 --- [main] c.g.c.m.r.c.executor.MigrationExecutor   : APPLIED - ChangeEntry{, "id"="initCommentaries", "author"="kmrandy", "class"="InitMongoDBDataChangeLog", "method"="initCommentaries"}
2022-02-21 17:33:02.748  INFO 10644 --- [main] c.g.c.m.d.core.lock.DefaultLockManager   : Mongock releasing the lock
2022-02-21 17:33:02.750  INFO 10644 --- [main] c.g.c.m.d.core.lock.DefaultLockManager   : Mongock released the lock
2022-02-21 17:33:02.751  INFO 10644 --- [main] c.g.c.m.r.c.executor.MigrationExecutor   : Mongock has finished
2022-02-21 17:33:03.298  INFO 10644 --- [main] o.s.b.a.e.web.EndpointLinksResolver      : Exposing 15 endpoint(s) beneath base path '/actuator'
2022-02-21 17:33:03.382  INFO 10644 --- [main] o.s.b.w.embedded.tomcat.TomcatWebServer  : Tomcat started on port(s): 8080 (http) with context path ''
2022-02-21 17:33:03.396  INFO 10644 --- [main] ru.otus.spring.Application               : Started Application in 5.031 seconds (JVM running for 5.428)
2022-02-21 17:33:08.605  INFO 10644 --- [http-nio-8080-exec-1] o.a.c.c.C.[Tomcat].[localhost].[/]       : Initializing Spring DispatcherServlet 'dispatcherServlet'
2022-02-21 17:33:08.605  INFO 10644 --- [http-nio-8080-exec-1] o.s.web.servlet.DispatcherServlet        : Initializing Servlet 'dispatcherServlet'
2022-02-21 17:33:08.609  INFO 10644 --- [http-nio-8080-exec-1] o.s.web.servlet.DispatcherServlet        : Completed initialization in 3 ms
2022-02-21 17:33:20.855  INFO 10644 --- [SpringApplicationShutdownHook] org.mongodb.driver.connection            : Closed connection [connectionId{localValue:3, serverValue:27}] to localhost:27017 because the pool has been closed.
2022-02-21 17:39:20.023  INFO 16832 --- [main] ru.otus.spring.Application               : Starting Application using Java 16.0.2 on DESKTOP-V680D6E with PID 16832 (C:\JAVA\Homeworks\spring-30-homework\spring-30-homework\target\classes started by ctm99 in C:\JAVA\Homeworks\spring-30-homework\spring-30-homework)
2022-02-21 17:39:20.028  INFO 16832 --- [main] ru.otus.spring.Application               : No active profile set, falling back to default profiles: default
2022-02-21 17:39:21.266  INFO 16832 --- [main] .s.d.r.c.RepositoryConfigurationDelegate : Bootstrapping Spring Data MongoDB repositories in DEFAULT mode.
2022-02-21 17:39:21.346  INFO 16832 --- [main] .s.d.r.c.RepositoryConfigurationDelegate : Finished Spring Data repository scanning in 75 ms. Found 4 MongoDB repository interfaces.
2022-02-21 17:39:21.859  INFO 16832 --- [main] o.s.b.w.embedded.tomcat.TomcatWebServer  : Tomcat initialized with port(s): 8080 (http)
2022-02-21 17:39:21.873  INFO 16832 --- [main] o.apache.catalina.core.StandardService   : Starting service [Tomcat]
2022-02-21 17:39:21.873  INFO 16832 --- [main] org.apache.catalina.core.StandardEngine  : Starting Servlet engine: [Apache Tomcat/9.0.53]
2022-02-21 17:39:21.981  INFO 16832 --- [main] o.a.c.c.C.[Tomcat].[localhost].[/]       : Initializing Spring embedded WebApplicationContext
2022-02-21 17:39:21.982  INFO 16832 --- [main] w.s.c.ServletWebServerApplicationContext : Root WebApplicationContext: initialization completed in 1877 ms
2022-02-21 17:39:22.370  INFO 16832 --- [main] org.mongodb.driver.cluster               : Cluster created with settings {hosts=[localhost:27017], mode=SINGLE, requiredClusterType=UNKNOWN, serverSelectionTimeout='30000 ms'}
2022-02-21 17:39:22.445  INFO 16832 --- [cluster-ClusterId{value='6213a41a9b851f16068f3ae5', description='null'}-localhost:27017] org.mongodb.driver.connection            : Opened connection [connectionId{localValue:1, serverValue:29}] to localhost:27017
2022-02-21 17:39:22.445  INFO 16832 --- [cluster-rtt-ClusterId{value='6213a41a9b851f16068f3ae5', description='null'}-localhost:27017] org.mongodb.driver.connection            : Opened connection [connectionId{localValue:2, serverValue:28}] to localhost:27017
2022-02-21 17:39:22.445  INFO 16832 --- [cluster-ClusterId{value='6213a41a9b851f16068f3ae5', description='null'}-localhost:27017] org.mongodb.driver.cluster               : Monitor thread successfully connected to server with description ServerDescription{address=localhost:27017, type=STANDALONE, state=CONNECTED, ok=true, minWireVersion=0, maxWireVersion=13, maxDocumentSize=16777216, logicalSessionTimeoutMinutes=30, roundTripTimeNanos=30219800}
2022-02-21 17:39:22.973  INFO 16832 --- [main] org.mongodb.driver.connection            : Opened connection [connectionId{localValue:3, serverValue:30}] to localhost:27017
2022-02-21 17:39:23.206  INFO 16832 --- [main] org.reflections.Reflections              : Reflections took 37 ms to scan 1 urls, producing 1 keys and 1 values 
2022-02-21 17:39:23.231  INFO 16832 --- [main] c.g.c.m.d.core.lock.DefaultLockManager   : Mongock trying to acquire the lock
2022-02-21 17:39:23.257  INFO 16832 --- [main] c.g.c.m.d.core.lock.DefaultLockManager   : Mongock acquired the lock until: Mon Feb 21 17:42:23 MSK 2022
2022-02-21 17:39:23.260  INFO 16832 --- [main] c.g.c.m.r.c.executor.MigrationExecutor   : Mongock starting the data migration sequence id[2022-02-21T17:39:23.260946500-62]...
2022-02-21 17:39:23.277  INFO 16832 --- [main] c.g.c.m.r.c.executor.MigrationExecutor   : method[dropDB] with arguments: [com.github.cloudyrock.mongock.driver.mongodb.sync.v4.decorator.impl.MongoDataBaseDecoratorImpl]
2022-02-21 17:39:23.294  INFO 16832 --- [main] c.g.c.m.r.c.executor.MigrationExecutor   : RE-APPLIED - ChangeEntry{, "id"="dropDB", "author"="kmrandy", "class"="InitMongoDBDataChangeLog", "method"="dropDB"}
2022-02-21 17:39:23.300  INFO 16832 --- [main] c.g.c.m.r.c.executor.MigrationExecutor   : method[initAuthors] with arguments: [jdk.proxy2.$Proxy97]
2022-02-21 17:39:23.367  INFO 16832 --- [main] c.g.c.m.r.c.executor.MigrationExecutor   : APPLIED - ChangeEntry{, "id"="initAuthors", "author"="kmrandy", "class"="InitMongoDBDataChangeLog", "method"="initAuthors"}
2022-02-21 17:39:23.412  INFO 16832 --- [main] c.g.c.m.r.c.executor.MigrationExecutor   : method[initGenres] with arguments: [jdk.proxy2.$Proxy98]
2022-02-21 17:39:23.438  INFO 16832 --- [main] c.g.c.m.r.c.executor.MigrationExecutor   : APPLIED - ChangeEntry{, "id"="initGenres", "author"="kmrandy", "class"="InitMongoDBDataChangeLog", "method"="initGenres"}
2022-02-21 17:39:23.449  INFO 16832 --- [main] c.g.c.m.r.c.executor.MigrationExecutor   : method[initBooks] with arguments: [jdk.proxy2.$Proxy99]
2022-02-21 17:39:23.484  INFO 16832 --- [main] c.g.c.m.r.c.executor.MigrationExecutor   : APPLIED - ChangeEntry{, "id"="initBooks", "author"="kmrandy", "class"="InitMongoDBDataChangeLog", "method"="initBooks"}
2022-02-21 17:39:23.492  INFO 16832 --- [main] c.g.c.m.r.c.executor.MigrationExecutor   : method[initCommentaries] with arguments: [jdk.proxy2.$Proxy100]
2022-02-21 17:39:23.555  INFO 16832 --- [main] c.g.c.m.r.c.executor.MigrationExecutor   : APPLIED - ChangeEntry{, "id"="initCommentaries", "author"="kmrandy", "class"="InitMongoDBDataChangeLog", "method"="initCommentaries"}
2022-02-21 17:39:23.558  INFO 16832 --- [main] c.g.c.m.d.core.lock.DefaultLockManager   : Mongock releasing the lock
2022-02-21 17:39:23.562  INFO 16832 --- [main] c.g.c.m.d.core.lock.DefaultLockManager   : Mongock released the lock
2022-02-21 17:39:23.562  INFO 16832 --- [main] c.g.c.m.r.c.executor.MigrationExecutor   : Mongock has finished
2022-02-21 17:39:24.221  INFO 16832 --- [main] o.s.b.a.e.web.EndpointLinksResolver      : Exposing 15 endpoint(s) beneath base path '/actuator'
2022-02-21 17:39:24.331  INFO 16832 --- [main] o.s.b.w.embedded.tomcat.TomcatWebServer  : Tomcat started on port(s): 8080 (http) with context path ''
2022-02-21 17:39:24.351  INFO 16832 --- [main] ru.otus.spring.Application               : Started Application in 4.937 seconds (JVM running for 5.413)
2022-02-21 17:39:31.799  INFO 16832 --- [http-nio-8080-exec-1] o.a.c.c.C.[Tomcat].[localhost].[/]       : Initializing Spring DispatcherServlet 'dispatcherServlet'
2022-02-21 17:39:31.800  INFO 16832 --- [http-nio-8080-exec-1] o.s.web.servlet.DispatcherServlet        : Initializing Servlet 'dispatcherServlet'
2022-02-21 17:39:31.801  INFO 16832 --- [http-nio-8080-exec-1] o.s.web.servlet.DispatcherServlet        : Completed initialization in 1 ms
2022-02-21 17:42:56.480  INFO 16832 --- [SpringApplicationShutdownHook] org.mongodb.driver.connection            : Closed connection [connectionId{localValue:3, serverValue:30}] to localhost:27017 because the pool has been closed.
