1641567260025:count
1641567268226:getall
1641567945370:count
1641567948340:getall
1641567972185:chngbyid 1 test
1641567982579:getall
1641568011039:getbookbyid 2
1641568288376:count
1641568290962:getall
1641568297765:getbookbyid 1
1641568316306:getbookbyid 3
1641568365787:addbook test leo tolstov novel
1641568380588:addbook test leo tolstoy drama
1641568398854:addbook test leo tolstoy novel
1641568403504:getall
1641568419733:delbook 2
1641568422903:getall
1641568502195:addbook test leo tolstov novel
1641568509717:addbook test leo tolstoy novel
1641568702561:count
1641568705040:getall
1641568716572:addbook test leo tolstoy novel
1641568728340:delbook 2
1641568748308:getall
1641568781597:addbook test leo tolstoy fantasy
1641568785666:getall
1641582292187:delbook 2
1641583644302:delbook 3
1641584548329:count
1641584550990:getall
1641584577073:chngbyid 2 testbook
1641584591842:chngbyid 3 testbook
1641584666487:getall
1641584674826:getbookbyid 1
1641584684362:getbookbyid 3
1641584730249:getall
1641584734665:delbook 3
1641584744181:delbook 2
1641584746936:getrall
1641584749646:getall
1641584774243:addbook testbook john talkieng drama
1641584784729:addbook testbook john talkien drama
1641584797955:addbook testbook john tolkien drama
1641584814623:addbook testbook john tolkien novel
1641584819969:getall
1641584829096:commcount
1641584833036:commcount 1
1641584987722:chngtextbyid 1 newtext
1641584999918:getcommbyid 1
1641585004120:getcommbyid 2
1641585007976:getcommbyid 3
1641585012658:getcommbyid 4
1641585021915:getbookcomms 3
1641585026871:getbookcomms 2
1641585035133:getbookcomms 1
1641585069158:delcomm 1
1641585148827:addcomm 2 testcomm
1641585158869:addcomm 3 testcomm
1641585785317:getbookcomms 3
1641586869747:chngbyid 2 testbook
1641586884587:chngbyid 3 testbook
1641587067594:chngbyid 2 testbook
1641587070562:getall
1641587090554:chngbyid 3 testbook
1641587118787:chngtextbyid 4 testcomm
1641587127642:chngtextbyid 3 testcomm
1641589746910:getall
1641589749324:count
1641589753487:commcount 2
1641673695903:count
1641673708443:getall
1641673783202:chngbyid 1 testname
1641673806365:chngbyid 61d9f37850123d3d5a106b3a test name
1641673818289:chngbyid 61d9f37850123d3d5a106b3a testname
1641674501169:count
1641674503598:getall
1641674590749:count
1641674599577:getall
1641674614742:count
1641674616683:getall
1641674639207:chngbyid 61d9f77140837725bbe44567 testname
1641674644292:getall
1641674657377:getbookbyid 61d9f77140837725bbe44567
1641674666364:chngbyid 1 testname
1641674691934:getbookbyid 1
1641674695407:getbookbyid er
1641674702436:delbook 1
1641675596160:count
1641675598320:getall
1641675611426:chngbyid 1 testname
1641675622665:chngbyid 61d9fb49ff80de66ce36fb0f testname
1641675626805:getall
1641675639315:delbook 1
1641675681290:delbook 61d9fb49ff80de66ce36fb0f
1641675684382:getall
1641675704251:addbook testbook leo tolstov drama
1641675713150:addbook testbook leo tolstoy drama
1641675719732:addbook testbook leo tolstoy novel
1641675722599:getall
1641675735243:commcount 1
1641675740332:commcount 61d9fb49ff80de66ce36fb10
1641675968434:getbookcomms 61d9fb49ff80de66ce36fb10
1641726329705:count
1641726344402:getall
1641726350348:commcount 61dac175bbd33f71e7d3159a
1641726365280:commcount 61dac175bbd33f71e7d3159b
1641726381043:commcount 1
1641738577709:getall
1641738580096:count
1641739105177:getall
1641739114646:getbookbyid 1
1641739122363:getbookbyid 61daf34cea1585655a03210d
1641739129863:delbook 1
1641739139000:delbook 61daf34cea1585655a03210e
1641739146238:getall
1641739163088:addbook testbook leo tolstov drama
1641739170476:addbook testbook leo tolstoy drama
1641739176202:addbook testbook leo tolstoy novel
1641739179061:getall
1641739193436:commcount 61daf34cea1585655a03210d
1641739209658:getbookcomms 61daf34cea1585655a03210d
1641739228013:getcommbyid 61daf34cea1585655a032110
1641739281504:chngbyid 61daf34cea1585655a032110 newname
1641739300492:chngbyid 61daf34cea1585655a03210d newname
1641739304618:getall
1641739317214:getbookcomms 61daf34cea1585655a03210d
1641740034071:getall
1641740046906:getbookcomms 61daf6f90ba538025d199720
1641740051933:delbook 61daf6f90ba538025d199720
1641740060484:getbookcomms 61daf6f90ba538025d199720
1641740078557:chngbyid 61daf6f90ba538025d19971f testname
1641740096195:getbookcomms 61daf6f90ba538025d19971f\\
1641740150022:addcomm 61daf6f90ba538025d19971f newcomm
1641740159408:getbookcomms 61daf6f90ba538025d19971f
1641740175318:delcomm 61daf6fa0ba538025d199723
1641740192499:getbookcomms 61daf6f90ba538025d19971f
1641740226409:chngbyid 61daf6f90ba538025d19971f "The Lord of the Rings"
1641740234599:getbookcomms 61daf6f90ba538025d19971f
1641740240936:getall
1641740247168:dellbook 61daf6f90ba538025d19971f
1641740251543:delbook 61daf6f90ba538025d19971f
1641740255124:getall
1641740262604:getbookcomms 61daf6f90ba538025d19971f
1641740317080:addcomm 61daf6f90ba538025d19971f newcomm
1641756809959:count
1641756812696:getall
1641756825012:getbookcomms 61db388517e90c5519c40010
1641756842072:getcommbyid 61db388517e90c5519c40013
1641756849297:getcommbyid 61db388517e90c5519c40014
1641756871966:chngbyid 61db388517e90c5519c40010 newname
1641756878498:chngbyid 1 newname
1641756885102:getcommbyid 61db388517e90c5519c40014
1641756890873:getbookcomms 61db388517e90c5519c40010
1641756907105:delbook 61db388517e90c5519c40010
1641756909358:61db388517e90c5519c40010
1641756920100:delbook 61db388517e90c5519c40010
1641756926609:getbookcomms 61db388517e90c5519c40010
